Arguments: 
  D:\new_App\node\node.exe D:\new_App\node\node_modules\yarn\bin\yarn.js add -D vitepress-theme-demoblock

PATH: 
  C:\Windows\system32;C:\Windows;C:\Windows\System32\Wbem;C:\Windows\System32\WindowsPowerShell\v1.0\;C:\Windows\System32\OpenSSH\;D:\new_App\nvm;D:\new_App\node;D:\new_App\git\Git\cmd;D:\new_App\Go\bin;D:\new_App\Go\bin;D:\new_App\GOPROJECT\bin;D:\new_App\mysql\mysql-8.0.30-winx64\bin;D:\new_App\python\python37\Scripts\;D:\new_App\python\python37\;C:\Users\龚铭\AppData\Local\Microsoft\WindowsApps;D:\new_App\Microsoft VS Code\bin;D:\new_App\nvm;D:\new_App\node;D:\new_App\Go\bin;D:\new_App\GOPROJECT\bin;D:\new_App\mysql\mysql-8.0.30-winx64\bin;

Yarn version: 
  1.22.19

Node version: 
  18.8.0

Platform: 
  win32 x64

Trace: 
  Error: ENOENT: no such file or directory, copyfile 'C:\Users\龚铭\AppData\Local\Yarn\Cache\v6\npm-estraverse-4.3.0-398ad3f3c5a24948be7725e83d11a7de28cdbd1d-integrity\node_modules\estraverse\.jshintrc' -> 'D:\new_App\project\vite\smarty-ui-vite\node_modules\@typescript-eslint\utils\node_modules\estraverse\.jshintrc'

npm manifest: 
  {
    "name": "smarty-ui-vite",
    "version": "1.0.0",
    "description": "",
    "main": "index.js",
    "scripts": {
      "test": "vitest",
      "dev": "vite",
      "build": "vite build",
      "lint": "eslint --fix --ext .ts,.vue src",
      "format": "prettier --write \"src/**/*.ts\" \"src/**/*.vue\"",
      "docs:dev": "vitepress dev docs",
      "docs:build": "vitepress build docs",
      "docs:serve": "vitepress serve docs"
    },
    "keywords": [],
    "author": "",
    "license": "ISC",
    "devDependencies": {
      "@iconify-json/ic": "1.1.4",
      "@typescript-eslint/eslint-plugin": "^5.38.0",
      "@typescript-eslint/parser": "^5.38.0",
      "@vitejs/plugin-vue": "3.0.3",
      "@vitejs/plugin-vue-jsx": "^2.0.0",
      "@vue/eslint-config-prettier": "^7.0.0",
      "@vue/test-utils": "2.0.2",
      "babel-eslint": "^10.1.0",
      "eslint": "^8.24.0",
      "eslint-formatter-pretty": "^4.1.0",
      "eslint-plugin-json": "^3.1.0",
      "eslint-plugin-prettier": "^4.2.1",
      "eslint-plugin-vue": "^9.5.1",
      "happy-dom": "6.0.4",
      "husky": "^8.0.1",
      "jsdom": "^20.0.0",
      "prettier": "^2.7.1",
      "unocss": "0.45.6",
      "vite": "^3.0.7",
      "vitepress": "0.22.4",
      "vitepress-theme-demoblock": "1.4.2",
      "vitest": "0.21.1"
    },
    "dependencies": {
      "@types/node": "^18.7.19",
      "plugin-vue^3.0.4": "link:@vitejs/plugin-vue^3.0.4",
      "typescript": "^4.8.3",
      "vue": "3.2.37"
    }
  }

yarn manifest: 
  No manifest

Lockfile: 
  # THIS IS AN AUTOGENERATED FILE. DO NOT EDIT THIS FILE DIRECTLY.
  # yarn lockfile v1
  
  
  "@algolia/autocomplete-core@1.7.1":
    version "1.7.1"
    resolved "https://registry.npmmirror.com/@algolia/autocomplete-core/-/autocomplete-core-1.7.1.tgz#025538b8a9564a9f3dd5bcf8a236d6951c76c7d1"
    integrity sha512-eiZw+fxMzNQn01S8dA/hcCpoWCOCwcIIEUtHHdzN5TGB3IpzLbuhqFeTfh2OUhhgkE8Uo17+wH+QJ/wYyQmmzg==
    dependencies:
      "@algolia/autocomplete-shared" "1.7.1"
  
  "@algolia/autocomplete-preset-algolia@1.7.1":
    version "1.7.1"
    resolved "https://registry.npmmirror.com/@algolia/autocomplete-preset-algolia/-/autocomplete-preset-algolia-1.7.1.tgz#7dadc5607097766478014ae2e9e1c9c4b3f957c8"
    integrity sha512-pJwmIxeJCymU1M6cGujnaIYcY3QPOVYZOXhFkWVM7IxKzy272BwCvMFMyc5NpG/QmiObBxjo7myd060OeTNJXg==
    dependencies:
      "@algolia/autocomplete-shared" "1.7.1"
  
  "@algolia/autocomplete-shared@1.7.1":
    version "1.7.1"
    resolved "https://registry.npmmirror.com/@algolia/autocomplete-shared/-/autocomplete-shared-1.7.1.tgz#95c3a0b4b78858fed730cf9c755b7d1cd0c82c74"
    integrity sha512-eTmGVqY3GeyBTT8IWiB2K5EuURAqhnumfktAEoHxfDY2o7vg2rSnO16ZtIG0fMgt3py28Vwgq42/bVEuaQV7pg==
  
  "@algolia/cache-browser-local-storage@4.14.2":
    version "4.14.2"
    resolved "https://registry.npmmirror.com/@algolia/cache-browser-local-storage/-/cache-browser-local-storage-4.14.2.tgz#d5b1b90130ca87c6321de876e167df9ec6524936"
    integrity sha512-FRweBkK/ywO+GKYfAWbrepewQsPTIEirhi1BdykX9mxvBPtGNKccYAxvGdDCumU1jL4r3cayio4psfzKMejBlA==
    dependencies:
      "@algolia/cache-common" "4.14.2"
  
  "@algolia/cache-common@4.14.2":
    version "4.14.2"
    resolved "https://registry.npmmirror.com/@algolia/cache-common/-/cache-common-4.14.2.tgz#b946b6103c922f0c06006fb6929163ed2c67d598"
    integrity sha512-SbvAlG9VqNanCErr44q6lEKD2qoK4XtFNx9Qn8FK26ePCI8I9yU7pYB+eM/cZdS9SzQCRJBbHUumVr4bsQ4uxg==
  
  "@algolia/cache-in-memory@4.14.2":
    version "4.14.2"
    resolved "https://registry.npmmirror.com/@algolia/cache-in-memory/-/cache-in-memory-4.14.2.tgz#88e4a21474f9ac05331c2fa3ceb929684a395a24"
    integrity sha512-HrOukWoop9XB/VFojPv1R5SVXowgI56T9pmezd/djh2JnVN/vXswhXV51RKy4nCpqxyHt/aGFSq2qkDvj6KiuQ==
    dependencies:
      "@algolia/cache-common" "4.14.2"
  
  "@algolia/client-account@4.14.2":
    version "4.14.2"
    resolved "https://registry.npmmirror.com/@algolia/client-account/-/client-account-4.14.2.tgz#b76ac1ba9ea71e8c3f77a1805b48350dc0728a16"
    integrity sha512-WHtriQqGyibbb/Rx71YY43T0cXqyelEU0lB2QMBRXvD2X0iyeGl4qMxocgEIcbHyK7uqE7hKgjT8aBrHqhgc1w==
    dependencies:
      "@algolia/client-common" "4.14.2"
      "@algolia/client-search" "4.14.2"
      "@algolia/transporter" "4.14.2"
  
  "@algolia/client-analytics@4.14.2":
    version "4.14.2"
    resolved "https://registry.npmmirror.com/@algolia/client-analytics/-/client-analytics-4.14.2.tgz#ca04dcaf9a78ee5c92c5cb5e9c74cf031eb2f1fb"
    integrity sha512-yBvBv2mw+HX5a+aeR0dkvUbFZsiC4FKSnfqk9rrfX+QrlNOKEhCG0tJzjiOggRW4EcNqRmaTULIYvIzQVL2KYQ==
    dependencies:
      "@algolia/client-common" "4.14.2"
      "@algolia/client-search" "4.14.2"
      "@algolia/requester-common" "4.14.2"
      "@algolia/transporter" "4.14.2"
  
  "@algolia/client-common@4.14.2":
    version "4.14.2"
    resolved "https://registry.npmmirror.com/@algolia/client-common/-/client-common-4.14.2.tgz#e1324e167ffa8af60f3e8bcd122110fd0bfd1300"
    integrity sha512-43o4fslNLcktgtDMVaT5XwlzsDPzlqvqesRi4MjQz2x4/Sxm7zYg5LRYFol1BIhG6EwxKvSUq8HcC/KxJu3J0Q==
    dependencies:
      "@algolia/requester-common" "4.14.2"
      "@algolia/transporter" "4.14.2"
  
  "@algolia/client-personalization@4.14.2":
    version "4.14.2"
    resolved "https://registry.npmmirror.com/@algolia/client-personalization/-/client-personalization-4.14.2.tgz#656bbb6157a3dd1a4be7de65e457fda136c404ec"
    integrity sha512-ACCoLi0cL8CBZ1W/2juehSltrw2iqsQBnfiu/Rbl9W2yE6o2ZUb97+sqN/jBqYNQBS+o0ekTMKNkQjHHAcEXNw==
    dependencies:
      "@algolia/client-common" "4.14.2"
      "@algolia/requester-common" "4.14.2"
      "@algolia/transporter" "4.14.2"
  
  "@algolia/client-search@4.14.2":
    version "4.14.2"
    resolved "https://registry.npmmirror.com/@algolia/client-search/-/client-search-4.14.2.tgz#357bdb7e640163f0e33bad231dfcc21f67dc2e92"
    integrity sha512-L5zScdOmcZ6NGiVbLKTvP02UbxZ0njd5Vq9nJAmPFtjffUSOGEp11BmD2oMJ5QvARgx2XbX4KzTTNS5ECYIMWw==
    dependencies:
      "@algolia/client-common" "4.14.2"
      "@algolia/requester-common" "4.14.2"
      "@algolia/transporter" "4.14.2"
  
  "@algolia/logger-common@4.14.2":
    version "4.14.2"
    resolved "https://registry.npmmirror.com/@algolia/logger-common/-/logger-common-4.14.2.tgz#b74b3a92431f92665519d95942c246793ec390ee"
    integrity sha512-/JGlYvdV++IcMHBnVFsqEisTiOeEr6cUJtpjz8zc0A9c31JrtLm318Njc72p14Pnkw3A/5lHHh+QxpJ6WFTmsA==
  
  "@algolia/logger-console@4.14.2":
    version "4.14.2"
    resolved "https://registry.npmmirror.com/@algolia/logger-console/-/logger-console-4.14.2.tgz#ec49cb47408f5811d4792598683923a800abce7b"
    integrity sha512-8S2PlpdshbkwlLCSAB5f8c91xyc84VM9Ar9EdfE9UmX+NrKNYnWR1maXXVDQQoto07G1Ol/tYFnFVhUZq0xV/g==
    dependencies:
      "@algolia/logger-common" "4.14.2"
  
  "@algolia/requester-browser-xhr@4.14.2":
    version "4.14.2"
    resolved "https://registry.npmmirror.com/@algolia/requester-browser-xhr/-/requester-browser-xhr-4.14.2.tgz#a2cd4d9d8d90d53109cc7f3682dc6ebf20f798f2"
    integrity sha512-CEh//xYz/WfxHFh7pcMjQNWgpl4wFB85lUMRyVwaDPibNzQRVcV33YS+63fShFWc2+42YEipFGH2iPzlpszmDw==
    dependencies:
      "@algolia/requester-common" "4.14.2"
  
  "@algolia/requester-common@4.14.2":
    version "4.14.2"
    resolved "https://registry.npmmirror.com/@algolia/requester-common/-/requester-common-4.14.2.tgz#bc4e9e5ee16c953c0ecacbfb334a33c30c28b1a1"
    integrity sha512-73YQsBOKa5fvVV3My7iZHu1sUqmjjfs9TteFWwPwDmnad7T0VTCopttcsM3OjLxZFtBnX61Xxl2T2gmG2O4ehg==
  
  "@algolia/requester-node-http@4.14.2":
    version "4.14.2"
    resolved "https://registry.npmmirror.com/@algolia/requester-node-http/-/requester-node-http-4.14.2.tgz#7c1223a1785decaab1def64c83dade6bea45e115"
    integrity sha512-oDbb02kd1o5GTEld4pETlPZLY0e+gOSWjWMJHWTgDXbv9rm/o2cF7japO6Vj1ENnrqWvLBmW1OzV9g6FUFhFXg==
    dependencies:
      "@algolia/requester-common" "4.14.2"
  
  "@algolia/transporter@4.14.2":
    version "4.14.2"
    resolved "https://registry.npmmirror.com/@algolia/transporter/-/transporter-4.14.2.tgz#77c069047fb1a4359ee6a51f51829508e44a1e3d"
    integrity sha512-t89dfQb2T9MFQHidjHcfhh6iGMNwvuKUvojAj+JsrHAGbuSy7yE4BylhLX6R0Q1xYRoC4Vvv+O5qIw/LdnQfsQ==
    dependencies:
      "@algolia/cache-common" "4.14.2"
      "@algolia/logger-common" "4.14.2"
      "@algolia/requester-common" "4.14.2"
  
  "@ampproject/remapping@^2.1.0", "@ampproject/remapping@^2.2.0":
    version "2.2.0"
    resolved "https://registry.npmmirror.com/@ampproject/remapping/-/remapping-2.2.0.tgz#56c133824780de3174aed5ab6834f3026790154d"
    integrity sha512-qRmjj8nj9qmLTQXXmaR1cck3UXSRMPrbsLJAasZpF+t3riI71BXed5ebIOYwQntykeZuhjsdweEc9BxH5Jc26w==
    dependencies:
      "@jridgewell/gen-mapping" "^0.1.0"
      "@jridgewell/trace-mapping" "^0.3.9"
  
  "@antfu/install-pkg@^0.1.0":
    version "0.1.1"
    resolved "https://registry.npmmirror.com/@antfu/install-pkg/-/install-pkg-0.1.1.tgz#157bb04f0de8100b9e4c01734db1a6c77e98bbb5"
    integrity sha512-LyB/8+bSfa0DFGC06zpCEfs89/XoWZwws5ygEa5D+Xsm3OfI+aXQ86VgVG7Acyef+rSZ5HE7J8rrxzrQeM3PjQ==
    dependencies:
      execa "^5.1.1"
      find-up "^5.0.0"
  
  "@antfu/utils@^0.5.0", "@antfu/utils@^0.5.2":
    version "0.5.2"
    resolved "https://registry.npmmirror.com/@antfu/utils/-/utils-0.5.2.tgz#8c2d931ff927be0ebe740169874a3d4004ab414b"
    integrity sha512-CQkeV+oJxUazwjlHD0/3ZD08QWKuGQkhnrKo3e6ly5pd48VUpXbb77q0xMU4+vc2CkJnDS02Eq/M9ugyX20XZA==
  
  "@babel/code-frame@^7.18.6":
    version "7.18.6"
    resolved "https://registry.npmmirror.com/@babel/code-frame/-/code-frame-7.18.6.tgz#3b25d38c89600baa2dcc219edfa88a74eb2c427a"
    integrity sha512-TDCmlK5eOvH+eH7cdAFlNXeVJqWIQ7gW9tY1GJIpUtFb6CmjVyq2VM3u71bOyR8CRihcCgMUYoDNyLXao3+70Q==
    dependencies:
      "@babel/highlight" "^7.18.6"
  
  "@babel/compat-data@^7.19.1":
    version "7.19.1"
    resolved "https://registry.npmmirror.com/@babel/compat-data/-/compat-data-7.19.1.tgz#72d647b4ff6a4f82878d184613353af1dd0290f9"
    integrity sha512-72a9ghR0gnESIa7jBN53U32FOVCEoztyIlKaNoU05zRhEecduGK9L9c3ww7Mp06JiR+0ls0GBPFJQwwtjn9ksg==
  
  "@babel/core@^7.18.13":
    version "7.19.1"
    resolved "https://registry.npmmirror.com/@babel/core/-/core-7.19.1.tgz#c8fa615c5e88e272564ace3d42fbc8b17bfeb22b"
    integrity sha512-1H8VgqXme4UXCRv7/Wa1bq7RVymKOzC7znjyFM8KiEzwFqcKUKYNoQef4GhdklgNvoBXyW4gYhuBNCM5o1zImw==
    dependencies:
      "@ampproject/remapping" "^2.1.0"
      "@babel/code-frame" "^7.18.6"
      "@babel/generator" "^7.19.0"
      "@babel/helper-compilation-targets" "^7.19.1"
      "@babel/helper-module-transforms" "^7.19.0"
      "@babel/helpers" "^7.19.0"
      "@babel/parser" "^7.19.1"
      "@babel/template" "^7.18.10"
      "@babel/traverse" "^7.19.1"
      "@babel/types" "^7.19.0"
      convert-source-map "^1.7.0"
      debug "^4.1.0"
      gensync "^1.0.0-beta.2"
      json5 "^2.2.1"
      semver "^6.3.0"
  
  "@babel/generator@^7.19.0":
    version "7.19.0"
    resolved "https://registry.npmmirror.com/@babel/generator/-/generator-7.19.0.tgz#785596c06425e59334df2ccee63ab166b738419a"
    integrity sha512-S1ahxf1gZ2dpoiFgA+ohK9DIpz50bJ0CWs7Zlzb54Z4sG8qmdIrGrVqmy1sAtTVRb+9CU6U8VqT9L0Zj7hxHVg==
    dependencies:
      "@babel/types" "^7.19.0"
      "@jridgewell/gen-mapping" "^0.3.2"
      jsesc "^2.5.1"
  
  "@babel/helper-annotate-as-pure@^7.18.6":
    version "7.18.6"
    resolved "https://registry.npmmirror.com/@babel/helper-annotate-as-pure/-/helper-annotate-as-pure-7.18.6.tgz#eaa49f6f80d5a33f9a5dd2276e6d6e451be0a6bb"
    integrity sha512-duORpUiYrEpzKIop6iNbjnwKLAKnJ47csTyRACyEmWj0QdUrm5aqNJGHSSEQSUAvNW0ojX0dOmK9dZduvkfeXA==
    dependencies:
      "@babel/types" "^7.18.6"
  
  "@babel/helper-compilation-targets@^7.19.1":
    version "7.19.1"
    resolved "https://registry.npmmirror.com/@babel/helper-compilation-targets/-/helper-compilation-targets-7.19.1.tgz#7f630911d83b408b76fe584831c98e5395d7a17c"
    integrity sha512-LlLkkqhCMyz2lkQPvJNdIYU7O5YjWRgC2R4omjCTpZd8u8KMQzZvX4qce+/BluN1rcQiV7BoGUpmQ0LeHerbhg==
    dependencies:
      "@babel/compat-data" "^7.19.1"
      "@babel/helper-validator-option" "^7.18.6"
      browserslist "^4.21.3"
      semver "^6.3.0"
  
  "@babel/helper-create-class-features-plugin@^7.19.0":
    version "7.19.0"
    resolved "https://registry.npmmirror.com/@babel/helper-create-class-features-plugin/-/helper-create-class-features-plugin-7.19.0.tgz#bfd6904620df4e46470bae4850d66be1054c404b"
    integrity sha512-NRz8DwF4jT3UfrmUoZjd0Uph9HQnP30t7Ash+weACcyNkiYTywpIjDBgReJMKgr+n86sn2nPVVmJ28Dm053Kqw==
    dependencies:
      "@babel/helper-annotate-as-pure" "^7.18.6"
      "@babel/helper-environment-visitor" "^7.18.9"
      "@babel/helper-function-name" "^7.19.0"
      "@babel/helper-member-expression-to-functions" "^7.18.9"
      "@babel/helper-optimise-call-expression" "^7.18.6"
      "@babel/helper-replace-supers" "^7.18.9"
      "@babel/helper-split-export-declaration" "^7.18.6"
  
  "@babel/helper-environment-visitor@^7.18.9":
    version "7.18.9"
    resolved "https://registry.npmmirror.com/@babel/helper-environment-visitor/-/helper-environment-visitor-7.18.9.tgz#0c0cee9b35d2ca190478756865bb3528422f51be"
    integrity sha512-3r/aACDJ3fhQ/EVgFy0hpj8oHyHpQc+LPtJoY9SzTThAsStm4Ptegq92vqKoE3vD706ZVFWITnMnxucw+S9Ipg==
  
  "@babel/helper-function-name@^7.19.0":
    version "7.19.0"
    resolved "https://registry.npmmirror.com/@babel/helper-function-name/-/helper-function-name-7.19.0.tgz#941574ed5390682e872e52d3f38ce9d1bef4648c"
    integrity sha512-WAwHBINyrpqywkUH0nTnNgI5ina5TFn85HKS0pbPDfxFfhyR/aNQEn4hGi1P1JyT//I0t4OgXUlofzWILRvS5w==
    dependencies:
      "@babel/template" "^7.18.10"
      "@babel/types" "^7.19.0"
  
  "@babel/helper-hoist-variables@^7.18.6":
    version "7.18.6"
    resolved "https://registry.npmmirror.com/@babel/helper-hoist-variables/-/helper-hoist-variables-7.18.6.tgz#d4d2c8fb4baeaa5c68b99cc8245c56554f926678"
    integrity sha512-UlJQPkFqFULIcyW5sbzgbkxn2FKRgwWiRexcuaR8RNJRy8+LLveqPjwZV/bwrLZCN0eUHD/x8D0heK1ozuoo6Q==
    dependencies:
      "@babel/types" "^7.18.6"
  
  "@babel/helper-member-expression-to-functions@^7.18.9":
    version "7.18.9"
    resolved "https://registry.npmmirror.com/@babel/helper-member-expression-to-functions/-/helper-member-expression-to-functions-7.18.9.tgz#1531661e8375af843ad37ac692c132841e2fd815"
    integrity sha512-RxifAh2ZoVU67PyKIO4AMi1wTenGfMR/O/ae0CCRqwgBAt5v7xjdtRw7UoSbsreKrQn5t7r89eruK/9JjYHuDg==
    dependencies:
      "@babel/types" "^7.18.9"
  
  "@babel/helper-module-imports@^7.0.0", "@babel/helper-module-imports@^7.18.6":
    version "7.18.6"
    resolved "https://registry.npmmirror.com/@babel/helper-module-imports/-/helper-module-imports-7.18.6.tgz#1e3ebdbbd08aad1437b428c50204db13c5a3ca6e"
    integrity sha512-0NFvs3VkuSYbFi1x2Vd6tKrywq+z/cLeYC/RJNFrIX/30Bf5aiGYbtvGXolEktzJH8o5E5KJ3tT+nkxuuZFVlA==
    dependencies:
      "@babel/types" "^7.18.6"
  
  "@babel/helper-module-transforms@^7.19.0":
    version "7.19.0"
    resolved "https://registry.npmmirror.com/@babel/helper-module-transforms/-/helper-module-transforms-7.19.0.tgz#309b230f04e22c58c6a2c0c0c7e50b216d350c30"
    integrity sha512-3HBZ377Fe14RbLIA+ac3sY4PTgpxHVkFrESaWhoI5PuyXPBBX8+C34qblV9G89ZtycGJCmCI/Ut+VUDK4bltNQ==
    dependencies:
      "@babel/helper-environment-visitor" "^7.18.9"
      "@babel/helper-module-imports" "^7.18.6"
      "@babel/helper-simple-access" "^7.18.6"
      "@babel/helper-split-export-declaration" "^7.18.6"
      "@babel/helper-validator-identifier" "^7.18.6"
      "@babel/template" "^7.18.10"
      "@babel/traverse" "^7.19.0"
      "@babel/types" "^7.19.0"
  
  "@babel/helper-optimise-call-expression@^7.18.6":
    version "7.18.6"
    resolved "https://registry.npmmirror.com/@babel/helper-optimise-call-expression/-/helper-optimise-call-expression-7.18.6.tgz#9369aa943ee7da47edab2cb4e838acf09d290ffe"
    integrity sha512-HP59oD9/fEHQkdcbgFCnbmgH5vIQTJbxh2yf+CdM89/glUNnuzr87Q8GIjGEnOktTROemO0Pe0iPAYbqZuOUiA==
    dependencies:
      "@babel/types" "^7.18.6"
  
  "@babel/helper-plugin-utils@^7.10.4", "@babel/helper-plugin-utils@^7.18.6", "@babel/helper-plugin-utils@^7.19.0":
    version "7.19.0"
    resolved "https://registry.npmmirror.com/@babel/helper-plugin-utils/-/helper-plugin-utils-7.19.0.tgz#4796bb14961521f0f8715990bee2fb6e51ce21bf"
    integrity sha512-40Ryx7I8mT+0gaNxm8JGTZFUITNqdLAgdg0hXzeVZxVD6nFsdhQvip6v8dqkRHzsz1VFpFAaOCHNn0vKBL7Czw==
  
  "@babel/helper-replace-supers@^7.18.9":
    version "7.19.1"
    resolved "https://registry.npmmirror.com/@babel/helper-replace-supers/-/helper-replace-supers-7.19.1.tgz#e1592a9b4b368aa6bdb8784a711e0bcbf0612b78"
    integrity sha512-T7ahH7wV0Hfs46SFh5Jz3s0B6+o8g3c+7TMxu7xKfmHikg7EAZ3I2Qk9LFhjxXq8sL7UkP5JflezNwoZa8WvWw==
    dependencies:
      "@babel/helper-environment-visitor" "^7.18.9"
      "@babel/helper-member-expression-to-functions" "^7.18.9"
      "@babel/helper-optimise-call-expression" "^7.18.6"
      "@babel/traverse" "^7.19.1"
      "@babel/types" "^7.19.0"
  
  "@babel/helper-simple-access@^7.18.6":
    version "7.18.6"
    resolved "https://registry.npmmirror.com/@babel/helper-simple-access/-/helper-simple-access-7.18.6.tgz#d6d8f51f4ac2978068df934b569f08f29788c7ea"
    integrity sha512-iNpIgTgyAvDQpDj76POqg+YEt8fPxx3yaNBg3S30dxNKm2SWfYhD0TGrK/Eu9wHpUW63VQU894TsTg+GLbUa1g==
    dependencies:
      "@babel/types" "^7.18.6"
  
  "@babel/helper-split-export-declaration@^7.18.6":
    version "7.18.6"
    resolved "https://registry.npmmirror.com/@babel/helper-split-export-declaration/-/helper-split-export-declaration-7.18.6.tgz#7367949bc75b20c6d5a5d4a97bba2824ae8ef075"
    integrity sha512-bde1etTx6ZyTmobl9LLMMQsaizFVZrquTEHOqKeQESMKo4PlObf+8+JA25ZsIpZhT/WEd39+vOdLXAFG/nELpA==
    dependencies:
      "@babel/types" "^7.18.6"
  
  "@babel/helper-string-parser@^7.18.10":
    version "7.18.10"
    resolved "https://registry.npmmirror.com/@babel/helper-string-parser/-/helper-string-parser-7.18.10.tgz#181f22d28ebe1b3857fa575f5c290b1aaf659b56"
    integrity sha512-XtIfWmeNY3i4t7t4D2t02q50HvqHybPqW2ki1kosnvWCwuCMeo81Jf0gwr85jy/neUdg5XDdeFE/80DXiO+njw==
  
  "@babel/helper-validator-identifier@^7.18.6":
    version "7.19.1"
    resolved "https://registry.npmmirror.com/@babel/helper-validator-identifier/-/helper-validator-identifier-7.19.1.tgz#7eea834cf32901ffdc1a7ee555e2f9c27e249ca2"
    integrity sha512-awrNfaMtnHUr653GgGEs++LlAvW6w+DcPrOliSMXWCKo597CwL5Acf/wWdNkf/tfEQE3mjkeD1YOVZOUV/od1w==
  
  "@babel/helper-validator-option@^7.18.6":
    version "7.18.6"
    resolved "https://registry.npmmirror.com/@babel/helper-validator-option/-/helper-validator-option-7.18.6.tgz#bf0d2b5a509b1f336099e4ff36e1a63aa5db4db8"
    integrity sha512-XO7gESt5ouv/LRJdrVjkShckw6STTaB7l9BrpBaAHDeF5YZT+01PCwmR0SJHnkW6i8OwW/EVWRShfi4j2x+KQw==
  
  "@babel/helpers@^7.19.0":
    version "7.19.0"
    resolved "https://registry.npmmirror.com/@babel/helpers/-/helpers-7.19.0.tgz#f30534657faf246ae96551d88dd31e9d1fa1fc18"
    integrity sha512-DRBCKGwIEdqY3+rPJgG/dKfQy9+08rHIAJx8q2p+HSWP87s2HCrQmaAMMyMll2kIXKCW0cO1RdQskx15Xakftg==
    dependencies:
      "@babel/template" "^7.18.10"
      "@babel/traverse" "^7.19.0"
      "@babel/types" "^7.19.0"
  
  "@babel/highlight@^7.18.6":
    version "7.18.6"
    resolved "https://registry.npmmirror.com/@babel/highlight/-/highlight-7.18.6.tgz#81158601e93e2563795adcbfbdf5d64be3f2ecdf"
    integrity sha512-u7stbOuYjaPezCuLj29hNW1v64M2Md2qupEKP1fHc7WdOA3DgLh37suiSrZYY7haUB7iBeQZ9P1uiRF359do3g==
    dependencies:
      "@babel/helper-validator-identifier" "^7.18.6"
      chalk "^2.0.0"
      js-tokens "^4.0.0"
  
  "@babel/parser@^7.16.4", "@babel/parser@^7.18.10", "@babel/parser@^7.19.1":
    version "7.19.1"
    resolved "https://registry.npmmirror.com/@babel/parser/-/parser-7.19.1.tgz#6f6d6c2e621aad19a92544cc217ed13f1aac5b4c"
    integrity sha512-h7RCSorm1DdTVGJf3P2Mhj3kdnkmF/EiysUkzS2TdgAYqyjFdMQJbVuXOBej2SBJaXan/lIVtT6KkGbyyq753A==
  
  "@babel/plugin-syntax-import-meta@^7.10.4":
    version "7.10.4"
    resolved "https://registry.npmmirror.com/@babel/plugin-syntax-import-meta/-/plugin-syntax-import-meta-7.10.4.tgz#ee601348c370fa334d2207be158777496521fd51"
    integrity sha512-Yqfm+XDx0+Prh3VSeEQCPU81yC+JWZ2pDPFSS4ZdpfZhp4MkFMaDC1UqseovEKwSUpnIL7+vK+Clp7bfh0iD7g==
    dependencies:
      "@babel/helper-plugin-utils" "^7.10.4"
  
  "@babel/plugin-syntax-jsx@^7.0.0":
    version "7.18.6"
    resolved "https://registry.npmmirror.com/@babel/plugin-syntax-jsx/-/plugin-syntax-jsx-7.18.6.tgz#a8feef63b010150abd97f1649ec296e849943ca0"
    integrity sha512-6mmljtAedFGTWu2p/8WIORGwy+61PLgOMPOdazc7YoJ9ZCWUyFy3A6CpPkRKLKD1ToAesxX8KGEViAiLo9N+7Q==
    dependencies:
      "@babel/helper-plugin-utils" "^7.18.6"
  
  "@babel/plugin-syntax-typescript@^7.18.6":
    version "7.18.6"
    resolved "https://registry.npmmirror.com/@babel/plugin-syntax-typescript/-/plugin-syntax-typescript-7.18.6.tgz#1c09cd25795c7c2b8a4ba9ae49394576d4133285"
    integrity sha512-mAWAuq4rvOepWCBid55JuRNvpTNf2UGVgoz4JV0fXEKolsVZDzsa4NqCef758WZJj/GDu0gVGItjKFiClTAmZA==
    dependencies:
      "@babel/helper-plugin-utils" "^7.18.6"
  
  "@babel/plugin-transform-typescript@^7.18.12":
    version "7.19.1"
    resolved "https://registry.npmmirror.com/@babel/plugin-transform-typescript/-/plugin-transform-typescript-7.19.1.tgz#adcf180a041dcbd29257ad31b0c65d4de531ce8d"
    integrity sha512-+ILcOU+6mWLlvCwnL920m2Ow3wWx3Wo8n2t5aROQmV55GZt+hOiLvBaa3DNzRjSEHa1aauRs4/YLmkCfFkhhRQ==
    dependencies:
      "@babel/helper-create-class-features-plugin" "^7.19.0"
      "@babel/helper-plugin-utils" "^7.19.0"
      "@babel/plugin-syntax-typescript" "^7.18.6"
  
  "@babel/template@^7.0.0", "@babel/template@^7.18.10":
    version "7.18.10"
    resolved "https://registry.npmmirror.com/@babel/template/-/template-7.18.10.tgz#6f9134835970d1dbf0835c0d100c9f38de0c5e71"
    integrity sha512-TI+rCtooWHr3QJ27kJxfjutghu44DLnasDMwpDqCXVTal9RLp3RSYNh4NdBrRP2cQAoG9A8juOQl6P6oZG4JxA==
    dependencies:
      "@babel/code-frame" "^7.18.6"
      "@babel/parser" "^7.18.10"
      "@babel/types" "^7.18.10"
  
  "@babel/traverse@^7.0.0", "@babel/traverse@^7.19.0", "@babel/traverse@^7.19.1":
    version "7.19.1"
    resolved "https://registry.npmmirror.com/@babel/traverse/-/traverse-7.19.1.tgz#0fafe100a8c2a603b4718b1d9bf2568d1d193347"
    integrity sha512-0j/ZfZMxKukDaag2PtOPDbwuELqIar6lLskVPPJDjXMXjfLb1Obo/1yjxIGqqAJrmfaTIY3z2wFLAQ7qSkLsuA==
    dependencies:
      "@babel/code-frame" "^7.18.6"
      "@babel/generator" "^7.19.0"
      "@babel/helper-environment-visitor" "^7.18.9"
      "@babel/helper-function-name" "^7.19.0"
      "@babel/helper-hoist-variables" "^7.18.6"
      "@babel/helper-split-export-declaration" "^7.18.6"
      "@babel/parser" "^7.19.1"
      "@babel/types" "^7.19.0"
      debug "^4.1.0"
      globals "^11.1.0"
  
  "@babel/types@^7.0.0", "@babel/types@^7.18.10", "@babel/types@^7.18.6", "@babel/types@^7.18.9", "@babel/types@^7.19.0":
    version "7.19.0"
    resolved "https://registry.npmmirror.com/@babel/types/-/types-7.19.0.tgz#75f21d73d73dc0351f3368d28db73465f4814600"
    integrity sha512-YuGopBq3ke25BVSiS6fgF49Ul9gH1x70Bcr6bqRLjWCkcX8Hre1/5+z+IiWOIerRMSSEfGZVB9z9kyq7wVs9YA==
    dependencies:
      "@babel/helper-string-parser" "^7.18.10"
      "@babel/helper-validator-identifier" "^7.18.6"
      to-fast-properties "^2.0.0"
  
  "@docsearch/css@3.2.1", "@docsearch/css@^3.2.1":
    version "3.2.1"
    resolved "https://registry.npmmirror.com/@docsearch/css/-/css-3.2.1.tgz#c05d7818b0e43b42f9efa2d82a11c36606b37b27"
    integrity sha512-gaP6TxxwQC+K8D6TRx5WULUWKrcbzECOPA2KCVMuI+6C7dNiGUk5yXXzVhc5sld79XKYLnO9DRTI4mjXDYkh+g==
  
  "@docsearch/js@^3.2.1":
    version "3.2.1"
    resolved "https://registry.npmmirror.com/@docsearch/js/-/js-3.2.1.tgz#d6856fb6223c7a47091640264d5144d59806bc30"
    integrity sha512-H1PekEtSeS0msetR2YGGey2w7jQ2wAKfGODJvQTygSwMgUZ+2DHpzUgeDyEBIXRIfaBcoQneqrzsljM62pm6Xg==
    dependencies:
      "@docsearch/react" "3.2.1"
      preact "^10.0.0"
  
  "@docsearch/react@3.2.1":
    version "3.2.1"
    resolved "https://registry.npmmirror.com/@docsearch/react/-/react-3.2.1.tgz#112ad88db07367fa6fd933d67d58421d8d8289aa"
    integrity sha512-EzTQ/y82s14IQC5XVestiK/kFFMe2aagoYFuTAIfIb/e+4FU7kSMKonRtLwsCiLQHmjvNQq+HO+33giJ5YVtaQ==
    dependencies:
      "@algolia/autocomplete-core" "1.7.1"
      "@algolia/autocomplete-preset-algolia" "1.7.1"
      "@docsearch/css" "3.2.1"
      algoliasearch "^4.0.0"
  
  "@esbuild/android-arm@0.15.9":
    version "0.15.9"
    resolved "https://registry.npmmirror.com/@esbuild/android-arm/-/android-arm-0.15.9.tgz#7e1221604ab88ed5021ead74fa8cca4405e1e431"
    integrity sha512-VZPy/ETF3fBG5PiinIkA0W/tlsvlEgJccyN2DzWZEl0DlVKRbu91PvY2D6Lxgluj4w9QtYHjOWjAT44C+oQ+EQ==
  
  "@esbuild/linux-loong64@0.15.9":
    version "0.15.9"
    resolved "https://registry.npmmirror.com/@esbuild/linux-loong64/-/linux-loong64-0.15.9.tgz#b658a97babf1f40783354af7039b84c3fdfc3fc3"
    integrity sha512-O+NfmkfRrb3uSsTa4jE3WApidSe3N5++fyOVGP1SmMZi4A3BZELkhUUvj5hwmMuNdlpzAZ8iAPz2vmcR7DCFQA==
  
  "@iconify-json/ic@1.1.4":
    version "1.1.4"
    resolved "https://registry.npmmirror.com/@iconify-json/ic/-/ic-1.1.4.tgz#f69f8f344edbb956d684e8c607cfad5ac1815e2e"
    integrity sha512-NkcyCh3VHwm3L19Ys4PDnbJmMoSE6vd83xjfWofmoeKKebs4tktz/LhPIy9vcaDqRENTNVtDORQdv0e+HCOjSg==
    dependencies:
      "@iconify/types" "^1.1.0"
  
  "@iconify/types@^1.1.0":
    version "1.1.0"
    resolved "https://registry.npmmirror.com/@iconify/types/-/types-1.1.0.tgz#dc15fc988b1b3fd558dd140a24ede7e0aac11280"
    integrity sha512-Jh0llaK2LRXQoYsorIH8maClebsnzTcve+7U3rQUSnC11X4jtPnFuyatqFLvMxZ8MLG8dB4zfHsbPfuvxluONw==
  
  "@iconify/utils@^1.0.33":
    version "1.0.33"
    resolved "https://registry.npmmirror.com/@iconify/utils/-/utils-1.0.33.tgz#9952ecae79e3b1685b83c58159c1d48959f6105a"
    integrity sha512-vGeAqo7aGPxOQmGdVoXFUOuyN+0V7Lcrx2EvaiRjxUD1x6Om0Tvq2bdm7E24l2Pz++4S0mWMCVFXe/17EtKImQ==
    dependencies:
      "@antfu/install-pkg" "^0.1.0"
      "@antfu/utils" "^0.5.0"
      "@iconify/types" "^1.1.0"
      debug "^4.3.4"
      kolorist "^1.5.1"
      local-pkg "^0.4.1"
  
  "@jridgewell/gen-mapping@^0.1.0":
    version "0.1.1"
    resolved "https://registry.npmmirror.com/@jridgewell/gen-mapping/-/gen-mapping-0.1.1.tgz#e5d2e450306a9491e3bd77e323e38d7aff315996"
    integrity sha512-sQXCasFk+U8lWYEe66WxRDOE9PjVz4vSM51fTu3Hw+ClTpUSQb718772vH3pyS5pShp6lvQM7SxgIDXXXmOX7w==
    dependencies:
      "@jridgewell/set-array" "^1.0.0"
      "@jridgewell/sourcemap-codec" "^1.4.10"
  
  "@jridgewell/gen-mapping@^0.3.2":
    version "0.3.2"
    resolved "https://registry.npmmirror.com/@jridgewell/gen-mapping/-/gen-mapping-0.3.2.tgz#c1aedc61e853f2bb9f5dfe6d4442d3b565b253b9"
    integrity sha512-mh65xKQAzI6iBcFzwv28KVWSmCkdRBWoOh+bYQGW3+6OZvbbN3TqMGo5hqYxQniRcH9F2VZIoJCm4pa3BPDK/A==
    dependencies:
      "@jridgewell/set-array" "^1.0.1"
      "@jridgewell/sourcemap-codec" "^1.4.10"
      "@jridgewell/trace-mapping" "^0.3.9"
  
  "@jridgewell/resolve-uri@^3.0.3":
    version "3.1.0"
    resolved "https://registry.npmmirror.com/@jridgewell/resolve-uri/-/resolve-uri-3.1.0.tgz#2203b118c157721addfe69d47b70465463066d78"
    integrity sha512-F2msla3tad+Mfht5cJq7LSXcdudKTWCVYUgw6pLFOOHSTtZlj6SWNYAp+AhuqLmWdBO2X5hPrLcu8cVP8fy28w==
  
  "@jridgewell/set-array@^1.0.0", "@jridgewell/set-array@^1.0.1":
    version "1.1.2"
    resolved "https://registry.npmmirror.com/@jridgewell/set-array/-/set-array-1.1.2.tgz#7c6cf998d6d20b914c0a55a91ae928ff25965e72"
    integrity sha512-xnkseuNADM0gt2bs+BvhO0p78Mk762YnZdsuzFV018NoG1Sj1SCQvpSqa7XUaTam5vAGasABV9qXASMKnFMwMw==
  
  "@jridgewell/sourcemap-codec@^1.4.10":
    version "1.4.14"
    resolved "https://registry.npmmirror.com/@jridgewell/sourcemap-codec/-/sourcemap-codec-1.4.14.tgz#add4c98d341472a289190b424efbdb096991bb24"
    integrity sha512-XPSJHWmi394fuUuzDnGz1wiKqWfo1yXecHQMRf2l6hztTO+nPru658AyDngaBe7isIxEkRsPR3FZh+s7iVa4Uw==
  
  "@jridgewell/trace-mapping@^0.3.9":
    version "0.3.15"
    resolved "https://registry.npmmirror.com/@jridgewell/trace-mapping/-/trace-mapping-0.3.15.tgz#aba35c48a38d3fd84b37e66c9c0423f9744f9774"
    integrity sha512-oWZNOULl+UbhsgB51uuZzglikfIKSUBO/M9W2OfEjn7cmqoAiCgmv9lyACTUacZwBz0ITnJ2NqjU8Tx0DHL88g==
    dependencies:
      "@jridgewell/resolve-uri" "^3.0.3"
      "@jridgewell/sourcemap-codec" "^1.4.10"
  
  "@nodelib/fs.scandir@2.1.5":
    version "2.1.5"
    resolved "https://registry.npmmirror.com/@nodelib/fs.scandir/-/fs.scandir-2.1.5.tgz#7619c2eb21b25483f6d167548b4cfd5a7488c3d5"
    integrity sha512-vq24Bq3ym5HEQm2NKCr3yXDwjc7vTsEThRDnkp2DK9p1uqLR+DHurm/NOTo0KG7HYHU7eppKZj3MyqYuMBf62g==
    dependencies:
      "@nodelib/fs.stat" "2.0.5"
      run-parallel "^1.1.9"
  
  "@nodelib/fs.stat@2.0.5", "@nodelib/fs.stat@^2.0.2":
    version "2.0.5"
    resolved "https://registry.npmmirror.com/@nodelib/fs.stat/-/fs.stat-2.0.5.tgz#5bd262af94e9d25bd1e71b05deed44876a222e8b"
    integrity sha512-RkhPPp2zrqDAQA/2jNhnztcPAlv64XdhIp7a7454A5ovI7Bukxgt7MX7udwAu3zg1DcpPU0rz3VV1SeaqvY4+A==
  
  "@nodelib/fs.walk@^1.2.3":
    version "1.2.8"
    resolved "https://registry.npmmirror.com/@nodelib/fs.walk/-/fs.walk-1.2.8.tgz#e95737e8bb6746ddedf69c556953494f196fe69a"
    integrity sha512-oGB+UxlgWcgQkgwo8GcEGwemoTFt3FIO9ababBmaGwXIoBKZ+GTy0pP185beGg7Llih/NSHSV2XAs1lnznocSg==
    dependencies:
      "@nodelib/fs.scandir" "2.1.5"
      fastq "^1.6.0"
  
  "@polka/url@^1.0.0-next.20":
    version "1.0.0-next.21"
    resolved "https://registry.npmmirror.com/@polka/url/-/url-1.0.0-next.21.tgz#5de5a2385a35309427f6011992b544514d559aa1"
    integrity sha512-a5Sab1C4/icpTZVzZc5Ghpz88yQtGOyNqYXcZgOssB2uuAr+wF/MvN6bgtW32q7HHrvBki+BsZ0OuNv6EV3K9g==
  
  "@rollup/pluginutils@^4.2.1":
    version "4.2.1"
    resolved "https://registry.npmmirror.com/@rollup/pluginutils/-/pluginutils-4.2.1.tgz#e6c6c3aba0744edce3fb2074922d3776c0af2a6d"
    integrity sha512-iKnFXr7NkdZAIHiIWE+BX5ULi/ucVFYWD6TbAV+rZctiRTY2PL6tsIKhoIOaoskiWAkgu+VsbXgUVDNLHf+InQ==
    dependencies:
      estree-walker "^2.0.1"
      picomatch "^2.2.2"
  
  "@types/node@^18.7.19":
    version "18.7.19"
    resolved "https://registry.npmmirror.com/@types/node/-/node-18.7.19.tgz#ad83aa9b7af470fab7e0f562be87e97dc8ffe08e"
    integrity sha512-Sq1itGUKUX1ap7GgZlrzdBydjbsJL/NSQt/4wkAxUJ7/OS5c2WkoN6WSpWc2Yc5wtKMZOUA0VCs/j2XJadN3HA==
  
  "@types/web-bluetooth@^0.0.15":
    version "0.0.15"
    resolved "https://registry.npmmirror.com/@types/web-bluetooth/-/web-bluetooth-0.0.15.tgz#d60330046a6ed8a13b4a53df3813c44942ebdf72"
    integrity sha512-w7hEHXnPMEZ+4nGKl/KDRVpxkwYxYExuHOYXyzIzCDzEZ9ZCGMAewulr9IqJu2LR4N37fcnb1XVeuZ09qgOxhA==
  
  "@unocss/cli@0.45.6":
    version "0.45.6"
    resolved "https://registry.npmmirror.com/@unocss/cli/-/cli-0.45.6.tgz#ab1bda98883c131ee25f08abdb5b0b9226050b2e"
    integrity sha512-U3Kl3i/UAIt2LXnBBcyNNnoF3qZV8y+tn4SNMa0P8iTgswKREzv8RuN5lGtdJohGQGoScKsNgj5t6WIKwts3lg==
    dependencies:
      "@unocss/config" "0.45.6"
      "@unocss/core" "0.45.6"
      "@unocss/preset-uno" "0.45.6"
      cac "^6.7.12"
      chokidar "^3.5.3"
      colorette "^2.0.19"
      consola "^2.15.3"
      fast-glob "^3.2.11"
      pathe "^0.3.3"
      perfect-debounce "^0.1.3"
  
  "@unocss/config@0.45.6":
    version "0.45.6"
    resolved "https://registry.npmmirror.com/@unocss/config/-/config-0.45.6.tgz#12a4b128254a4d798d06cdc1afa1dfa1710d60d8"
    integrity sha512-evmhX/JT4SYsFOG5ora6To8PeJpBqWfCXZIEGFnmvjsUCVreacuLqwvxHtZZLpuwbIqY9VzzPdeuw3Ak2AZ/kg==
    dependencies:
      "@unocss/core" "0.45.6"
      unconfig "^0.3.5"
  
  "@unocss/core@0.45.6":
    version "0.45.6"
    resolved "https://registry.npmmirror.com/@unocss/core/-/core-0.45.6.tgz#36be77aea7ab2f97b04294d7c46628eeb78c17be"
    integrity sha512-AeV2/HOTnmc2t2Z0oJ4qKhxDuvYKJ4sVLhqZi+Ex8SP5JSm65SrW3kmGWJMkSGHqJG6ey2ugAiZh6rHzELlB7A==
  
  "@unocss/inspector@0.45.6":
    version "0.45.6"
    resolved "https://registry.npmmirror.com/@unocss/inspector/-/inspector-0.45.6.tgz#530f898df0befd4552dcc4baa3b88c6b98f99739"
    integrity sha512-3Gx28OnCSf73OKlxKXs2JOvWqBeXgNSZdY9DaNZxj0yPFnNfTsdbyH16pk/ETV2Ab0xF+123oN0EI7SbFHYs0w==
    dependencies:
      gzip-size "^6.0.0"
      sirv "^2.0.2"
  
  "@unocss/preset-attributify@0.45.6":
    version "0.45.6"
    resolved "https://registry.npmmirror.com/@unocss/preset-attributify/-/preset-attributify-0.45.6.tgz#0de77c6224d7c6d4afd74618ee631937cb4321a0"
    integrity sha512-BC9D7uH3cX8FKjDKzfLp94kjtkLqHbUwpcbA7naHfcsB79EGDXs35uRm8z9Br8zIXepbhBTbytM+6yE/8Kgq9g==
    dependencies:
      "@unocss/core" "0.45.6"
  
  "@unocss/preset-icons@0.45.6":
    version "0.45.6"
    resolved "https://registry.npmmirror.com/@unocss/preset-icons/-/preset-icons-0.45.6.tgz#90c36a1cd82ff94a31af9dc1496fee38ae741302"
    integrity sha512-9OD8q2PSS4hqECoVF7ZHUn/RRMFuNdSCAed/vvSrFFB4vLGKE6RQ4bO3RQqfi0L5SMyAT5FVqUEX+HsLQkwlbA==
    dependencies:
      "@iconify/utils" "^1.0.33"
      "@unocss/core" "0.45.6"
      ohmyfetch "^0.4.18"
  
  "@unocss/preset-mini@0.45.6":
    version "0.45.6"
    resolved "https://registry.npmmirror.com/@unocss/preset-mini/-/preset-mini-0.45.6.tgz#31b9608744b6d84bc33bdcaaaadcb00131539cc0"
    integrity sha512-hsneAcqqZTHN3tFXYIMsZMKgPoV1Ew4AFBn/dg3Z6/Bt1vIcLco/Iup1FhqjgvYm5Vdehszqb88VENZPV7CYjg==
    dependencies:
      "@unocss/core" "0.45.6"
  
  "@unocss/preset-tagify@0.45.6":
    version "0.45.6"
    resolved "https://registry.npmmirror.com/@unocss/preset-tagify/-/preset-tagify-0.45.6.tgz#d560615ea96575af78d30db033dfef9c8887e51a"
    integrity sha512-Elv7fC/AoxA4EoUIZcqK0njMnwnpF/9amN+PDt93ZgK/GxD01vu7SsHNvupCsx2vIRzvJrr76gLSccA4+16e/g==
    dependencies:
      "@unocss/core" "0.45.6"
  
  "@unocss/preset-typography@0.45.6":
    version "0.45.6"
    resolved "https://registry.npmmirror.com/@unocss/preset-typography/-/preset-typography-0.45.6.tgz#c4eba90297285290edc94f1f89dde734821a5d1e"
    integrity sha512-ZRsolR9ws37jLkKY88BYbBf3MWF82SGc7J+AWe/XDgaKoIN0T/9CJG7KLvW2AdtiVuTzBksLtbn/p9rYVgmjLA==
    dependencies:
      "@unocss/core" "0.45.6"
  
  "@unocss/preset-uno@0.45.6":
    version "0.45.6"
    resolved "https://registry.npmmirror.com/@unocss/preset-uno/-/preset-uno-0.45.6.tgz#e7e414695b0fa49006abcc82a401f75de05060b5"
    integrity sha512-4yFX1yqXSdz3yUXVBMHrDTqGmQMtvP4DZ1yY2tztg96rUhcNQS9zna/Z3fVSUnOMXjzPutJ0DfastkTpGDaFhA==
    dependencies:
      "@unocss/core" "0.45.6"
      "@unocss/preset-mini" "0.45.6"
      "@unocss/preset-wind" "0.45.6"
  
  "@unocss/preset-web-fonts@0.45.6":
    version "0.45.6"
    resolved "https://registry.npmmirror.com/@unocss/preset-web-fonts/-/preset-web-fonts-0.45.6.tgz#c26936666e9354bdc9dc7613157449d5cddc1cab"
    integrity sha512-4dywnWm9tIYz/zu62/7DIjJ0Yzq9PViieJ1JZFZEz6iLbHlbCBkko51Hl+JAMQzlkwNdvVxQT7Y8jyzHWc1jow==
    dependencies:
      "@unocss/core" "0.45.6"
      ohmyfetch "^0.4.18"
  
  "@unocss/preset-wind@0.45.6":
    version "0.45.6"
    resolved "https://registry.npmmirror.com/@unocss/preset-wind/-/preset-wind-0.45.6.tgz#82d63c32e7168344e91d8802bead8349963229b8"
    integrity sha512-2W0l2z2zD5H7XU32B6PetOu5EA1FXh4CYp+p94XW79kD4oaohpGtabxgfPch68sOcbvQn/Cs4HaQNvkEBeTATA==
    dependencies:
      "@unocss/core" "0.45.6"
      "@unocss/preset-mini" "0.45.6"
  
  "@unocss/reset@0.45.6":
    version "0.45.6"
    resolved "https://registry.npmmirror.com/@unocss/reset/-/reset-0.45.6.tgz#e8abdd49806ac996d5ff212299fd8eb1122c5713"
    integrity sha512-L02ur7LFzeIzOgQ419vA14498F76jbvKMeTdiVyR3Ym2C7BkxUGg6CgqY7Exm6e2qOjgcFkYU93aWaOyKi9hzw==
  
  "@unocss/scope@0.45.6":
    version "0.45.6"
    resolved "https://registry.npmmirror.com/@unocss/scope/-/scope-0.45.6.tgz#238606ec16cbb1ae781e3a9282a1132f6f8f6144"
    integrity sha512-1x2ikRsHfDXHMRr68fU+cF55v0TILaGH+s5Us7swA1un1D70EdE8z1cU+RvY6WxWL8cQNb/aCvPf8daduKVCxg==
  
  "@unocss/transformer-attributify-jsx@0.45.6":
    version "0.45.6"
    resolved "https://registry.npmmirror.com/@unocss/transformer-attributify-jsx/-/transformer-attributify-jsx-0.45.6.tgz#501a34f670bfb7de70b39696878ed9d43f7145ba"
    integrity sha512-QUdLZQI6+b9G94YjrN4e7JyPsbV7Eo+TYe5PFCA/awSn7nOBrb+/+WSKlSijbAfPaY8HgWXlnkOy1V0qpusn1w==
    dependencies:
      "@unocss/core" "0.45.6"
  
  "@unocss/transformer-compile-class@0.45.6":
    version "0.45.6"
    resolved "https://registry.npmmirror.com/@unocss/transformer-compile-class/-/transformer-compile-class-0.45.6.tgz#597e8ba628ac82daaf2e2f364655cac275e4aec5"
    integrity sha512-D8q1bAua4QMbdOaJt6i+B21RssDJw42Gp/3tAR/v0ChnlcoBwDY4MPXbEY9j81dSeFIF+A7GkHAsb6oRaPcCfg==
    dependencies:
      "@unocss/core" "0.45.6"
  
  "@unocss/transformer-directives@0.45.6":
    version "0.45.6"
    resolved "https://registry.npmmirror.com/@unocss/transformer-directives/-/transformer-directives-0.45.6.tgz#efb7c26cf402adaef2585354fa66da950248c1c9"
    integrity sha512-nY+9wvpYeas997DkAhaCVdD2dauoqbgC66QYsCGxtEzBlNQXn3gmXT/CQgbYQuHknQCDwFuocWAH/f1Vmg3aIw==
    dependencies:
      "@unocss/core" "0.45.6"
      css-tree "^2.1.0"
  
  "@unocss/transformer-variant-group@0.45.6":
    version "0.45.6"
    resolved "https://registry.npmmirror.com/@unocss/transformer-variant-group/-/transformer-variant-group-0.45.6.tgz#9e8e90ec9877f0dd1178ab0209ff8d7b572625f6"
    integrity sha512-rVf/6ZgXwRqW1Xeia59ggk4L/9SAMUW0+slkm3mmvgn2fgJ0Pj4rzhLszRsHi3Oua0ZMbQoFXw+mY/GEEA6KfQ==
    dependencies:
      "@unocss/core" "0.45.6"
  
  "@unocss/vite@0.45.6":
    version "0.45.6"
    resolved "https://registry.npmmirror.com/@unocss/vite/-/vite-0.45.6.tgz#f76859f9cdf0ca242bee29c55c1c94d4a6b60597"
    integrity sha512-6FcSoOWaciJCO0Bnhv001/9HTvO2ye1E/VX+Ey7JZg4ulltyhiszounRSxzBaflO2KDP/tE5O/K2iHywyHRrLg==
    dependencies:
      "@ampproject/remapping" "^2.2.0"
      "@rollup/pluginutils" "^4.2.1"
      "@unocss/config" "0.45.6"
      "@unocss/core" "0.45.6"
      "@unocss/inspector" "0.45.6"
      "@unocss/scope" "0.45.6"
      "@unocss/transformer-directives" "0.45.6"
      magic-string "^0.26.2"
  
  "@vitejs/plugin-vue-jsx@^2.0.0":
    version "2.0.1"
    resolved "https://registry.npmmirror.com/@vitejs/plugin-vue-jsx/-/plugin-vue-jsx-2.0.1.tgz#563a844964f5b025c828b452d6a9882df7194f9a"
    integrity sha512-lmiR1k9+lrF7LMczO0pxtQ8mOn6XeppJDHxnpxkJQpT5SiKz4SKhKdeNstXaTNuR8qZhUo5X0pJlcocn72Y4Jg==
    dependencies:
      "@babel/core" "^7.18.13"
      "@babel/plugin-syntax-import-meta" "^7.10.4"
      "@babel/plugin-transform-typescript" "^7.18.12"
      "@vue/babel-plugin-jsx" "^1.1.1"
  
  "@vitejs/plugin-vue@3.0.3":
    version "3.0.3"
    resolved "https://registry.npmmirror.com/@vitejs/plugin-vue/-/plugin-vue-3.0.3.tgz#7e3e401ccb30b4380d2279d9849281413f1791ef"
    integrity sha512-U4zNBlz9mg+TA+i+5QPc3N5lQvdUXENZLO2h0Wdzp56gI1MWhqJOv+6R+d4kOzoaSSq6TnGPBdZAXKOe4lXy6g==
  
  "@vitejs/plugin-vue@^3.1.0":
    version "3.1.0"
    resolved "https://registry.npmmirror.com/@vitejs/plugin-vue/-/plugin-vue-3.1.0.tgz#3a423ea6943a450e806da412a911150e928598ed"
    integrity sha512-fmxtHPjSOEIRg6vHYDaem+97iwCUg/uSIaTzp98lhELt2ISOQuDo2hbkBdXod0g15IhfPMQmAxh4heUks2zvDA==
  
  "@vue/babel-helper-vue-transform-on@^1.0.2":
    version "1.0.2"
    resolved "https://registry.npmmirror.com/@vue/babel-helper-vue-transform-on/-/babel-helper-vue-transform-on-1.0.2.tgz#9b9c691cd06fc855221a2475c3cc831d774bc7dc"
    integrity sha512-hz4R8tS5jMn8lDq6iD+yWL6XNB699pGIVLk7WSJnn1dbpjaazsjZQkieJoRX6gW5zpYSCFqQ7jUquPNY65tQYA==
  
  "@vue/babel-plugin-jsx@^1.1.1":
    version "1.1.1"
    resolved "https://registry.npmmirror.com/@vue/babel-plugin-jsx/-/babel-plugin-jsx-1.1.1.tgz#0c5bac27880d23f89894cd036a37b55ef61ddfc1"
    integrity sha512-j2uVfZjnB5+zkcbc/zsOc0fSNGCMMjaEXP52wdwdIfn0qjFfEYpYZBFKFg+HHnQeJCVrjOeO0YxgaL7DMrym9w==
    dependencies:
      "@babel/helper-module-imports" "^7.0.0"
      "@babel/plugin-syntax-jsx" "^7.0.0"
      "@babel/template" "^7.0.0"
      "@babel/traverse" "^7.0.0"
      "@babel/types" "^7.0.0"
      "@vue/babel-helper-vue-transform-on" "^1.0.2"
      camelcase "^6.0.0"
      html-tags "^3.1.0"
      svg-tags "^1.0.0"
  
  "@vue/compiler-core@3.2.37":
    version "3.2.37"
    resolved "https://registry.npmmirror.com/@vue/compiler-core/-/compiler-core-3.2.37.tgz#b3c42e04c0e0f2c496ff1784e543fbefe91e215a"
    integrity sha512-81KhEjo7YAOh0vQJoSmAD68wLfYqJvoiD4ulyedzF+OEk/bk6/hx3fTNVfuzugIIaTrOx4PGx6pAiBRe5e9Zmg==
    dependencies:
      "@babel/parser" "^7.16.4"
      "@vue/shared" "3.2.37"
      estree-walker "^2.0.2"
      source-map "^0.6.1"
  
  "@vue/compiler-core@3.2.39":
    version "3.2.39"
    resolved "https://registry.npmmirror.com/@vue/compiler-core/-/compiler-core-3.2.39.tgz#0d77e635f4bdb918326669155a2dc977c053943e"
    integrity sha512-mf/36OWXqWn0wsC40nwRRGheR/qoID+lZXbIuLnr4/AngM0ov8Xvv8GHunC0rKRIkh60bTqydlqTeBo49rlbqw==
    dependencies:
      "@babel/parser" "^7.16.4"
      "@vue/shared" "3.2.39"
      estree-walker "^2.0.2"
      source-map "^0.6.1"
  
  "@vue/compiler-dom@3.2.37":
    version "3.2.37"
    resolved "https://registry.npmmirror.com/@vue/compiler-dom/-/compiler-dom-3.2.37.tgz#10d2427a789e7c707c872da9d678c82a0c6582b5"
    integrity sha512-yxJLH167fucHKxaqXpYk7x8z7mMEnXOw3G2q62FTkmsvNxu4FQSu5+3UMb+L7fjKa26DEzhrmCxAgFLLIzVfqQ==
    dependencies:
      "@vue/compiler-core" "3.2.37"
      "@vue/shared" "3.2.37"
  
  "@vue/compiler-dom@3.2.39":
    version "3.2.39"
    resolved "https://registry.npmmirror.com/@vue/compiler-dom/-/compiler-dom-3.2.39.tgz#bd69d35c1a48fe2cea4ab9e96d2a3a735d146fdf"
    integrity sha512-HMFI25Be1C8vLEEv1hgEO1dWwG9QQ8LTTPmCkblVJY/O3OvWx6r1+zsox5mKPMGvqYEZa6l8j+xgOfUspgo7hw==
    dependencies:
      "@vue/compiler-core" "3.2.39"
      "@vue/shared" "3.2.39"
  
  "@vue/compiler-sfc@3.2.37":
    version "3.2.37"
    resolved "https://registry.npmmirror.com/@vue/compiler-sfc/-/compiler-sfc-3.2.37.tgz#3103af3da2f40286edcd85ea495dcb35bc7f5ff4"
    integrity sha512-+7i/2+9LYlpqDv+KTtWhOZH+pa8/HnX/905MdVmAcI/mPQOBwkHHIzrsEsucyOIZQYMkXUiTkmZq5am/NyXKkg==
    dependencies:
      "@babel/parser" "^7.16.4"
      "@vue/compiler-core" "3.2.37"
      "@vue/compiler-dom" "3.2.37"
      "@vue/compiler-ssr" "3.2.37"
      "@vue/reactivity-transform" "3.2.37"
      "@vue/shared" "3.2.37"
      estree-walker "^2.0.2"
      magic-string "^0.25.7"
      postcss "^8.1.10"
      source-map "^0.6.1"
  
  "@vue/compiler-sfc@3.2.39":
    version "3.2.39"
    resolved "https://registry.npmmirror.com/@vue/compiler-sfc/-/compiler-sfc-3.2.39.tgz#8fe29990f672805b7c5a2ecfa5b05e681c862ea2"
    integrity sha512-fqAQgFs1/BxTUZkd0Vakn3teKUt//J3c420BgnYgEOoVdTwYpBTSXCMJ88GOBCylmUBbtquGPli9tVs7LzsWIA==
    dependencies:
      "@babel/parser" "^7.16.4"
      "@vue/compiler-core" "3.2.39"
      "@vue/compiler-dom" "3.2.39"
      "@vue/compiler-ssr" "3.2.39"
      "@vue/reactivity-transform" "3.2.39"
      "@vue/shared" "3.2.39"
      estree-walker "^2.0.2"
      magic-string "^0.25.7"
      postcss "^8.1.10"
      source-map "^0.6.1"
  
  "@vue/compiler-ssr@3.2.37":
    version "3.2.37"
    resolved "https://registry.npmmirror.com/@vue/compiler-ssr/-/compiler-ssr-3.2.37.tgz#4899d19f3a5fafd61524a9d1aee8eb0505313cff"
    integrity sha512-7mQJD7HdXxQjktmsWp/J67lThEIcxLemz1Vb5I6rYJHR5vI+lON3nPGOH3ubmbvYGt8xEUaAr1j7/tIFWiEOqw==
    dependencies:
      "@vue/compiler-dom" "3.2.37"
      "@vue/shared" "3.2.37"
  
  "@vue/compiler-ssr@3.2.39":
    version "3.2.39"
    resolved "https://registry.npmmirror.com/@vue/compiler-ssr/-/compiler-ssr-3.2.39.tgz#4f3bfb535cb98b764bee45e078700e03ccc60633"
    integrity sha512-EoGCJ6lincKOZGW+0Ky4WOKsSmqL7hp1ZYgen8M7u/mlvvEQUaO9tKKOy7K43M9U2aA3tPv0TuYYQFrEbK2eFQ==
    dependencies:
      "@vue/compiler-dom" "3.2.39"
      "@vue/shared" "3.2.39"
  
  "@vue/devtools-api@^6.2.1":
    version "6.2.1"
    resolved "https://registry.npmmirror.com/@vue/devtools-api/-/devtools-api-6.2.1.tgz#6f2948ff002ec46df01420dfeff91de16c5b4092"
    integrity sha512-OEgAMeQXvCoJ+1x8WyQuVZzFo0wcyCmUR3baRVLmKBo1LmYZWMlRiXlux5jd0fqVJu6PfDbOrZItVqUEzLobeQ==
  
  "@vue/reactivity-transform@3.2.37":
    version "3.2.37"
    resolved "https://registry.npmmirror.com/@vue/reactivity-transform/-/reactivity-transform-3.2.37.tgz#0caa47c4344df4ae59f5a05dde2a8758829f8eca"
    integrity sha512-IWopkKEb+8qpu/1eMKVeXrK0NLw9HicGviJzhJDEyfxTR9e1WtpnnbYkJWurX6WwoFP0sz10xQg8yL8lgskAZg==
    dependencies:
      "@babel/parser" "^7.16.4"
      "@vue/compiler-core" "3.2.37"
      "@vue/shared" "3.2.37"
      estree-walker "^2.0.2"
      magic-string "^0.25.7"
  
  "@vue/reactivity-transform@3.2.39":
    version "3.2.39"
    resolved "https://registry.npmmirror.com/@vue/reactivity-transform/-/reactivity-transform-3.2.39.tgz#da6ae6c8fd77791b9ae21976720d116591e1c4aa"
    integrity sha512-HGuWu864zStiWs9wBC6JYOP1E00UjMdDWIG5W+FpUx28hV3uz9ODOKVNm/vdOy/Pvzg8+OcANxAVC85WFBbl3A==
    dependencies:
      "@babel/parser" "^7.16.4"
      "@vue/compiler-core" "3.2.39"
      "@vue/shared" "3.2.39"
      estree-walker "^2.0.2"
      magic-string "^0.25.7"
  
  "@vue/reactivity@3.2.37":
    version "3.2.37"
    resolved "https://registry.npmmirror.com/@vue/reactivity/-/reactivity-3.2.37.tgz#5bc3847ac58828e2b78526e08219e0a1089f8848"
    integrity sha512-/7WRafBOshOc6m3F7plwzPeCu/RCVv9uMpOwa/5PiY1Zz+WLVRWiy0MYKwmg19KBdGtFWsmZ4cD+LOdVPcs52A==
    dependencies:
      "@vue/shared" "3.2.37"
  
  "@vue/reactivity@3.2.39":
    version "3.2.39"
    resolved "https://registry.npmmirror.com/@vue/reactivity/-/reactivity-3.2.39.tgz#e6e3615fe2288d4232b104640ddabd0729a78c80"
    integrity sha512-vlaYX2a3qMhIZfrw3Mtfd+BuU+TZmvDrPMa+6lpfzS9k/LnGxkSuf0fhkP0rMGfiOHPtyKoU9OJJJFGm92beVQ==
    dependencies:
      "@vue/shared" "3.2.39"
  
  "@vue/runtime-core@3.2.37":
    version "3.2.37"
    resolved "https://registry.npmmirror.com/@vue/runtime-core/-/runtime-core-3.2.37.tgz#7ba7c54bb56e5d70edfc2f05766e1ca8519966e3"
    integrity sha512-JPcd9kFyEdXLl/i0ClS7lwgcs0QpUAWj+SKX2ZC3ANKi1U4DOtiEr6cRqFXsPwY5u1L9fAjkinIdB8Rz3FoYNQ==
    dependencies:
      "@vue/reactivity" "3.2.37"
      "@vue/shared" "3.2.37"
  
  "@vue/runtime-core@3.2.39":
    version "3.2.39"
    resolved "https://registry.npmmirror.com/@vue/runtime-core/-/runtime-core-3.2.39.tgz#dc1faccab11b3e81197aba33fb30c9447c1d2c84"
    integrity sha512-xKH5XP57JW5JW+8ZG1khBbuLakINTgPuINKL01hStWLTTGFOrM49UfCFXBcFvWmSbci3gmJyLl2EAzCaZWsx8g==
    dependencies:
      "@vue/reactivity" "3.2.39"
      "@vue/shared" "3.2.39"
  
  "@vue/runtime-dom@3.2.37":
    version "3.2.37"
    resolved "https://registry.npmmirror.com/@vue/runtime-dom/-/runtime-dom-3.2.37.tgz#002bdc8228fa63949317756fb1e92cdd3f9f4bbd"
    integrity sha512-HimKdh9BepShW6YozwRKAYjYQWg9mQn63RGEiSswMbW+ssIht1MILYlVGkAGGQbkhSh31PCdoUcfiu4apXJoPw==
    dependencies:
      "@vue/runtime-core" "3.2.37"
      "@vue/shared" "3.2.37"
      csstype "^2.6.8"
  
  "@vue/runtime-dom@3.2.39":
    version "3.2.39"
    resolved "https://registry.npmmirror.com/@vue/runtime-dom/-/runtime-dom-3.2.39.tgz#4a8cb132bcef316e8151c5ed07fc7272eb064614"
    integrity sha512-4G9AEJP+sLhsqf5wXcyKVWQKUhI+iWfy0hWQgea+CpaTD7BR0KdQzvoQdZhwCY6B3oleSyNLkLAQwm0ya/wNoA==
    dependencies:
      "@vue/runtime-core" "3.2.39"
      "@vue/shared" "3.2.39"
      csstype "^2.6.8"
  
  "@vue/server-renderer@3.2.37":
    version "3.2.37"
    resolved "https://registry.npmmirror.com/@vue/server-renderer/-/server-renderer-3.2.37.tgz#840a29c8dcc29bddd9b5f5ffa22b95c0e72afdfc"
    integrity sha512-kLITEJvaYgZQ2h47hIzPh2K3jG8c1zCVbp/o/bzQOyvzaKiCquKS7AaioPI28GNxIsE/zSx+EwWYsNxDCX95MA==
    dependencies:
      "@vue/compiler-ssr" "3.2.37"
      "@vue/shared" "3.2.37"
  
  "@vue/server-renderer@3.2.39":
    version "3.2.39"
    resolved "https://registry.npmmirror.com/@vue/server-renderer/-/server-renderer-3.2.39.tgz#4358292d925233b0d8b54cf0513eaece8b2351c5"
    integrity sha512-1yn9u2YBQWIgytFMjz4f/t0j43awKytTGVptfd3FtBk76t1pd8mxbek0G/DrnjJhd2V7mSTb5qgnxMYt8Z5iSQ==
    dependencies:
      "@vue/compiler-ssr" "3.2.39"
      "@vue/shared" "3.2.39"
  
  "@vue/shared@3.2.37":
    version "3.2.37"
    resolved "https://registry.npmmirror.com/@vue/shared/-/shared-3.2.37.tgz#8e6adc3f2759af52f0e85863dfb0b711ecc5c702"
    integrity sha512-4rSJemR2NQIo9Klm1vabqWjD8rs/ZaJSzMxkMNeJS6lHiUjjUeYFbooN19NgFjztubEKh3WlZUeOLVdbbUWHsw==
  
  "@vue/shared@3.2.39":
    version "3.2.39"
    resolved "https://registry.npmmirror.com/@vue/shared/-/shared-3.2.39.tgz#302df167559a1a5156da162d8cc6760cef67f8e3"
    integrity sha512-D3dl2ZB9qE6mTuWPk9RlhDeP1dgNRUKC3NJxji74A4yL8M2MwlhLKUC/49WHjrNzSPug58fWx/yFbaTzGAQSBw==
  
  "@vueuse/core@^9.1.1":
    version "9.2.0"
    resolved "https://registry.npmmirror.com/@vueuse/core/-/core-9.2.0.tgz#58e3588b9bc5a69010aa9104b00056ee9ebff738"
    integrity sha512-/MZ6qpz6uSyaXrtoeBWQzAKRG3N7CvfVWvQxiM3ei3Xe5ydOjjtVbo7lGl9p8dECV93j7W8s63A8H0kFLpLyxg==
    dependencies:
      "@types/web-bluetooth" "^0.0.15"
      "@vueuse/metadata" "9.2.0"
      "@vueuse/shared" "9.2.0"
      vue-demi "*"
  
  "@vueuse/metadata@9.2.0":
    version "9.2.0"
    resolved "https://registry.npmmirror.com/@vueuse/metadata/-/metadata-9.2.0.tgz#6bf7c9c44b9f5ece405837226a0e04a997994458"
    integrity sha512-exN4KE6iquxDCdt72BgEhb3tlOpECtD61AUdXnUqBTIUCl70x1Ar/QXo3bYcvxmdMS2/peQyfeTzBjRTpvL5xw==
  
  "@vueuse/shared@9.2.0":
    version "9.2.0"
    resolved "https://registry.npmmirror.com/@vueuse/shared/-/shared-9.2.0.tgz#7831051b2c1d01c3413c749468ee53a86024510e"
    integrity sha512-NnRp/noSWuXW0dKhZK5D0YLrDi0nmZ18UeEgwXQq7Ul5TTP93lcNnKjrHtd68j2xFB/l59yPGFlCryL692bnrA==
    dependencies:
      vue-demi "*"
  
  algoliasearch@^4.0.0:
    version "4.14.2"
    resolved "https://registry.npmmirror.com/algoliasearch/-/algoliasearch-4.14.2.tgz#63f142583bfc3a9bd3cd4a1b098bf6fe58e56f6c"
    integrity sha512-ngbEQonGEmf8dyEh5f+uOIihv4176dgbuOZspiuhmTTBRBuzWu3KCGHre6uHj5YyuC7pNvQGzB6ZNJyZi0z+Sg==
    dependencies:
      "@algolia/cache-browser-local-storage" "4.14.2"
      "@algolia/cache-common" "4.14.2"
      "@algolia/cache-in-memory" "4.14.2"
      "@algolia/client-account" "4.14.2"
      "@algolia/client-analytics" "4.14.2"
      "@algolia/client-common" "4.14.2"
      "@algolia/client-personalization" "4.14.2"
      "@algolia/client-search" "4.14.2"
      "@algolia/logger-common" "4.14.2"
      "@algolia/logger-console" "4.14.2"
      "@algolia/requester-browser-xhr" "4.14.2"
      "@algolia/requester-common" "4.14.2"
      "@algolia/requester-node-http" "4.14.2"
      "@algolia/transporter" "4.14.2"
  
  ansi-styles@^3.2.1:
    version "3.2.1"
    resolved "https://registry.npmmirror.com/ansi-styles/-/ansi-styles-3.2.1.tgz#41fbb20243e50b12be0f04b8dedbf07520ce841d"
    integrity sha512-VT0ZI6kZRdTh8YyJw3SMbYm/u+NqfsAxEpWO0Pf9sq8/e94WxxOpPKx9FR1FlyCtOVDNOQ+8ntlqFxiRc+r5qA==
    dependencies:
      color-convert "^1.9.0"
  
  anymatch@~3.1.2:
    version "3.1.2"
    resolved "https://registry.npmmirror.com/anymatch/-/anymatch-3.1.2.tgz#c0557c096af32f106198f4f4e2a383537e378716"
    integrity sha512-P43ePfOAIupkguHUycrc4qJ9kz8ZiuOUijaETwX7THt0Y/GNK7v0aa8rY816xWjZ7rJdA5XdMcpVFTKMq+RvWg==
    dependencies:
      normalize-path "^3.0.0"
      picomatch "^2.0.4"
  
  binary-extensions@^2.0.0:
    version "2.2.0"
    resolved "https://registry.npmmirror.com/binary-extensions/-/binary-extensions-2.2.0.tgz#75f502eeaf9ffde42fc98829645be4ea76bd9e2d"
    integrity sha512-jDctJ/IVQbZoJykoeHbhXpOlNBqGNcwXJKJog42E5HDPUwQTSdjCHdihjj0DlnheQ7blbT6dHOafNAiS8ooQKA==
  
  body-scroll-lock@^4.0.0-beta.0:
    version "4.0.0-beta.0"
    resolved "https://registry.npmmirror.com/body-scroll-lock/-/body-scroll-lock-4.0.0-beta.0.tgz#4f78789d10e6388115c0460cd6d7d4dd2bbc4f7e"
    integrity sha512-a7tP5+0Mw3YlUJcGAKUqIBkYYGlYxk2fnCasq/FUph1hadxlTRjF+gAcZksxANnaMnALjxEddmSi/H3OR8ugcQ==
  
  braces@^3.0.2, braces@~3.0.2:
    version "3.0.2"
    resolved "https://registry.npmmirror.com/braces/-/braces-3.0.2.tgz#3454e1a462ee8d599e236df336cd9ea4f8afe107"
    integrity sha512-b8um+L1RzM3WDSzvhm6gIz1yfTbBt6YTlcEKAvsmqCZZFw46z626lVj9j1yEPW33H5H+lBQpZMP1k8l+78Ha0A==
    dependencies:
      fill-range "^7.0.1"
  
  browserslist@^4.21.3:
    version "4.21.4"
    resolved "https://registry.npmmirror.com/browserslist/-/browserslist-4.21.4.tgz#e7496bbc67b9e39dd0f98565feccdcb0d4ff6987"
    integrity sha512-CBHJJdDmgjl3daYjN5Cp5kbTf1mUhZoS+beLklHIvkOWscs83YAhLlF3Wsh/lciQYAcbBJgTOD44VtG31ZM4Hw==
    dependencies:
      caniuse-lite "^1.0.30001400"
      electron-to-chromium "^1.4.251"
      node-releases "^2.0.6"
      update-browserslist-db "^1.0.9"
  
  cac@^6.7.12:
    version "6.7.14"
    resolved "https://registry.npmmirror.com/cac/-/cac-6.7.14.tgz#804e1e6f506ee363cb0e3ccbb09cad5dd9870959"
    integrity sha512-b6Ilus+c3RrdDk+JhLKUAQfzzgLEPy6wcXqS7f/xe1EETvsDP6GORG7SFuOs6cID5YkqchW/LXZbX5bc8j7ZcQ==
  
  camelcase@^6.0.0:
    version "6.3.0"
    resolved "https://registry.npmmirror.com/camelcase/-/camelcase-6.3.0.tgz#5685b95eb209ac9c0c177467778c9c84df58ba9a"
    integrity sha512-Gmy6FhYlCY7uOElZUSbxo2UCDH8owEk996gkbrpsgGtrJLM3J7jGxl9Ic7Qwwj4ivOE5AWZWRMecDdF7hqGjFA==
  
  caniuse-lite@^1.0.30001400:
    version "1.0.30001410"
    resolved "https://registry.npmmirror.com/caniuse-lite/-/caniuse-lite-1.0.30001410.tgz#b5a86366fbbf439d75dd3db1d21137a73e829f44"
    integrity sha512-QoblBnuE+rG0lc3Ur9ltP5q47lbguipa/ncNMyyGuqPk44FxbScWAeEO+k5fSQ8WekdAK4mWqNs1rADDAiN5xQ==
  
  chalk@^2.0.0:
    version "2.4.2"
    resolved "https://registry.npmmirror.com/chalk/-/chalk-2.4.2.tgz#cd42541677a54333cf541a49108c1432b44c9424"
    integrity sha512-Mti+f9lpJNcwF4tWV8/OrTTtF1gZi+f8FqlyAdouralcFWFQWF2+NgCHShjkCb+IFBLq9buZwE1xckQU4peSuQ==
    dependencies:
      ansi-styles "^3.2.1"
      escape-string-regexp "^1.0.5"
      supports-color "^5.3.0"
  
  chokidar@^3.5.3:
    version "3.5.3"
    resolved "https://registry.npmmirror.com/chokidar/-/chokidar-3.5.3.tgz#1cf37c8707b932bd1af1ae22c0432e2acd1903bd"
    integrity sha512-Dr3sfKRP6oTcjf2JmUmFJfeVMvXBdegxB0iVQ5eb2V10uFJUCAS8OByZdVAyVb8xXNz3GjjTgj9kLWsZTqE6kw==
    dependencies:
      anymatch "~3.1.2"
      braces "~3.0.2"
      glob-parent "~5.1.2"
      is-binary-path "~2.1.0"
      is-glob "~4.0.1"
      normalize-path "~3.0.0"
      readdirp "~3.6.0"
    optionalDependencies:
      fsevents "~2.3.2"
  
  color-convert@^1.9.0:
    version "1.9.3"
    resolved "https://registry.npmmirror.com/color-convert/-/color-convert-1.9.3.tgz#bb71850690e1f136567de629d2d5471deda4c1e8"
    integrity sha512-QfAUtd+vFdAtFQcC8CCyYt1fYWxSqAiK2cSD6zDB8N3cpsEBAvRxp9zOGg6G/SHHJYAT88/az/IuDGALsNVbGg==
    dependencies:
      color-name "1.1.3"
  
  color-name@1.1.3:
    version "1.1.3"
    resolved "https://registry.npmmirror.com/color-name/-/color-name-1.1.3.tgz#a7d0558bd89c42f795dd42328f740831ca53bc25"
    integrity sha512-72fSenhMw2HZMTVHeCA9KCmpEIbzWiQsjN+BHcBbS9vr1mtt+vJjPdksIBNUmKAW8TFUDPJK5SUU3QhE9NEXDw==
  
  colorette@^2.0.19:
    version "2.0.19"
    resolved "https://registry.npmmirror.com/colorette/-/colorette-2.0.19.tgz#cdf044f47ad41a0f4b56b3a0d5b4e6e1a2d5a798"
    integrity sha512-3tlv/dIP7FWvj3BsbHrGLJ6l/oKh1O3TcgBqMn+yyCagOxc23fyzDS6HypQbgxWbkpDnf52p1LuR4eWDQ/K9WQ==
  
  consola@^2.15.3:
    version "2.15.3"
    resolved "https://registry.npmmirror.com/consola/-/consola-2.15.3.tgz#2e11f98d6a4be71ff72e0bdf07bd23e12cb61550"
    integrity sha512-9vAdYbHj6x2fLKC4+oPH0kFzY/orMZyG2Aj+kNylHxKGJ/Ed4dpNyAQYwJOdqO4zdM7XpVHmyejQDcQHrnuXbw==
  
  convert-source-map@^1.7.0:
    version "1.8.0"
    resolved "https://registry.npmmirror.com/convert-source-map/-/convert-source-map-1.8.0.tgz#f3373c32d21b4d780dd8004514684fb791ca4369"
    integrity sha512-+OQdjP49zViI/6i7nIJpA8rAl4sV/JdPfU9nZs3VqOwGIgizICvuN2ru6fMd+4llL0tar18UYJXfZ/TWtmhUjA==
    dependencies:
      safe-buffer "~5.1.1"
  
  cross-spawn@^7.0.3:
    version "7.0.3"
    resolved "https://registry.npmmirror.com/cross-spawn/-/cross-spawn-7.0.3.tgz#f73a85b9d5d41d045551c177e2882d4ac85728a6"
    integrity sha512-iRDPJKUPVEND7dHPO8rkbOnPpyDygcDFtWjpeWNCgy8WP2rXcxXL8TskReQl6OrB2G7+UJrags1q15Fudc7G6w==
    dependencies:
      path-key "^3.1.0"
      shebang-command "^2.0.0"
      which "^2.0.1"
  
  css-tree@^2.1.0:
    version "2.2.1"
    resolved "https://registry.npmmirror.com/css-tree/-/css-tree-2.2.1.tgz#36115d382d60afd271e377f9c5f67d02bd48c032"
    integrity sha512-OA0mILzGc1kCOCSJerOeqDxDQ4HOh+G8NbOJFOTgOCzpw7fCBubk0fEyxp8AgOL/jvLgYA/uV0cMbe43ElF1JA==
    dependencies:
      mdn-data "2.0.28"
      source-map-js "^1.0.1"
  
  csstype@^2.6.8:
    version "2.6.21"
    resolved "https://registry.npmmirror.com/csstype/-/csstype-2.6.21.tgz#2efb85b7cc55c80017c66a5ad7cbd931fda3a90e"
    integrity sha512-Z1PhmomIfypOpoMjRQB70jfvy/wxT50qW08YXO5lMIJkrdq4yOTR+AW7FqutScmB9NkLwxo+jU+kZLbofZZq/w==
  
  debug@^4.1.0, debug@^4.3.4:
    version "4.3.4"
    resolved "https://registry.npmmirror.com/debug/-/debug-4.3.4.tgz#1319f6579357f2338d3337d2cdd4914bb5dcc865"
    integrity sha512-PRWFHuSU3eDtQJPvnNY7Jcket1j0t5OuOsFzPPzsekD52Zl8qUfFIPEiswXqIvHWGVHOgX+7G/vCNNhehwxfkQ==
    dependencies:
      ms "2.1.2"
  
  defu@^6.1.0:
    version "6.1.0"
    resolved "https://registry.npmmirror.com/defu/-/defu-6.1.0.tgz#7a5411655da73335c7d933256911f17c74443e2d"
    integrity sha512-pOFYRTIhoKujrmbTRhcW5lYQLBXw/dlTwfI8IguF1QCDJOcJzNH1w+YFjxqy6BAuJrClTy6MUE8q+oKJ2FLsIw==
  
  destr@^1.1.1:
    version "1.1.1"
    resolved "https://registry.npmmirror.com/destr/-/destr-1.1.1.tgz#910457d10a2f2f247add4ca4fdb4a03adcc49079"
    integrity sha512-QqkneF8LrYmwATMdnuD2MLI3GHQIcBnG6qFC2q9bSH430VTCDAVjcspPmUaKhPGtAtPAftIUFqY1obQYQuwmbg==
  
  duplexer@^0.1.2:
    version "0.1.2"
    resolved "https://registry.npmmirror.com/duplexer/-/duplexer-0.1.2.tgz#3abe43aef3835f8ae077d136ddce0f276b0400e6"
    integrity sha512-jtD6YG370ZCIi/9GTaJKQxWTZD045+4R4hTk/x1UyoqadyJ9x9CgSi1RlVDQF8U2sxLLSnFkCaMihqljHIWgMg==
  
  electron-to-chromium@^1.4.251:
    version "1.4.261"
    resolved "https://registry.npmmirror.com/electron-to-chromium/-/electron-to-chromium-1.4.261.tgz#31f14ad60c6f95bec404a77a2fd5e1962248e112"
    integrity sha512-fVXliNUGJ7XUVJSAasPseBbVgJIeyw5M1xIkgXdTSRjlmCqBbiSTsEdLOCJS31Fc8B7CaloQ/BFAg8By3ODLdg==
  
  esbuild-android-64@0.15.9:
    version "0.15.9"
    resolved "https://registry.npmmirror.com/esbuild-android-64/-/esbuild-android-64-0.15.9.tgz#4a7eb320ca8d3a305f14792061fd9614ccebb7c0"
    integrity sha512-HQCX7FJn9T4kxZQkhPjNZC7tBWZqJvhlLHPU2SFzrQB/7nDXjmTIFpFTjt7Bd1uFpeXmuwf5h5fZm+x/hLnhbw==
  
  esbuild-android-arm64@0.15.9:
    version "0.15.9"
    resolved "https://registry.npmmirror.com/esbuild-android-arm64/-/esbuild-android-arm64-0.15.9.tgz#c948e5686df20857ad361ec67e070d40d7cab985"
    integrity sha512-E6zbLfqbFVCNEKircSHnPiSTsm3fCRxeIMPfrkS33tFjIAoXtwegQfVZqMGR0FlsvVxp2NEDOUz+WW48COCjSg==
  
  esbuild-darwin-64@0.15.9:
    version "0.15.9"
    resolved "https://registry.npmmirror.com/esbuild-darwin-64/-/esbuild-darwin-64-0.15.9.tgz#25f564fa4b39c1cec84dc46bce5634fdbce1d5e4"
    integrity sha512-gI7dClcDN/HHVacZhTmGjl0/TWZcGuKJ0I7/xDGJwRQQn7aafZGtvagOFNmuOq+OBFPhlPv1T6JElOXb0unkSQ==
  
  esbuild-darwin-arm64@0.15.9:
    version "0.15.9"
    resolved "https://registry.npmmirror.com/esbuild-darwin-arm64/-/esbuild-darwin-arm64-0.15.9.tgz#60faea3ed95d15239536aa88d06bb82b29278a86"
    integrity sha512-VZIMlcRN29yg/sv7DsDwN+OeufCcoTNaTl3Vnav7dL/nvsApD7uvhVRbgyMzv0zU/PP0xRhhIpTyc7lxEzHGSw==
  
  esbuild-freebsd-64@0.15.9:
    version "0.15.9"
    resolved "https://registry.npmmirror.com/esbuild-freebsd-64/-/esbuild-freebsd-64-0.15.9.tgz#0339ef1c90a919175e7816788224517896657a0e"
    integrity sha512-uM4z5bTvuAXqPxrI204txhlsPIolQPWRMLenvGuCPZTnnGlCMF2QLs0Plcm26gcskhxewYo9LkkmYSS5Czrb5A==
  
  esbuild-freebsd-arm64@0.15.9:
    version "0.15.9"
    resolved "https://registry.npmmirror.com/esbuild-freebsd-arm64/-/esbuild-freebsd-arm64-0.15.9.tgz#32abfc0be3ae3dd38e5a86a9beadbbcf592f1b57"
    integrity sha512-HHDjT3O5gWzicGdgJ5yokZVN9K9KG05SnERwl9nBYZaCjcCgj/sX8Ps1jvoFSfNCO04JSsHSOWo4qvxFuj8FoA==
  
  esbuild-linux-32@0.15.9:
    version "0.15.9"
    resolved "https://registry.npmmirror.com/esbuild-linux-32/-/esbuild-linux-32-0.15.9.tgz#93581348a4da7ed2b29bc5539f2605ad7fcee77b"
    integrity sha512-AQIdE8FugGt1DkcekKi5ycI46QZpGJ/wqcMr7w6YUmOmp2ohQ8eO4sKUsOxNOvYL7hGEVwkndSyszR6HpVHLFg==
  
  esbuild-linux-64@0.15.9:
    version "0.15.9"
    resolved "https://registry.npmmirror.com/esbuild-linux-64/-/esbuild-linux-64-0.15.9.tgz#0d171e7946c95d0d3ed4826026af2c5632d7dcc4"
    integrity sha512-4RXjae7g6Qs7StZyiYyXTZXBlfODhb1aBVAjd+ANuPmMhWthQilWo7rFHwJwL7DQu1Fjej2sODAVwLbcIVsAYQ==
  
  esbuild-linux-arm64@0.15.9:
    version "0.15.9"
    resolved "https://registry.npmmirror.com/esbuild-linux-arm64/-/esbuild-linux-arm64-0.15.9.tgz#9838795a3720cbe736d3bc20621bd366eac22f24"
    integrity sha512-a+bTtxJmYmk9d+s2W4/R1SYKDDAldOKmWjWP0BnrWtDbvUBNOm++du0ysPju4mZVoEFgS1yLNW+VXnG/4FNwdQ==
  
  esbuild-linux-arm@0.15.9:
    version "0.15.9"
    resolved "https://registry.npmmirror.com/esbuild-linux-arm/-/esbuild-linux-arm-0.15.9.tgz#dce96cd817bc7376f6af3967649c4ab1f2f79506"
    integrity sha512-3Zf2GVGUOI7XwChH3qrnTOSqfV1V4CAc/7zLVm4lO6JT6wbJrTgEYCCiNSzziSju+J9Jhf9YGWk/26quWPC6yQ==
  
  esbuild-linux-mips64le@0.15.9:
    version "0.15.9"
    resolved "https://registry.npmmirror.com/esbuild-linux-mips64le/-/esbuild-linux-mips64le-0.15.9.tgz#0335a0739e61aa97cb9b4a018e3facfcca9cdcfd"
    integrity sha512-Zn9HSylDp89y+TRREMDoGrc3Z4Hs5u56ozZLQCiZAUx2+HdbbXbWdjmw3FdTJ/i7t5Cew6/Q+6kfO3KCcFGlyw==
  
  esbuild-linux-ppc64le@0.15.9:
    version "0.15.9"
    resolved "https://registry.npmmirror.com/esbuild-linux-ppc64le/-/esbuild-linux-ppc64le-0.15.9.tgz#18482afb95b8a705e2da0a59d7131bff221281f9"
    integrity sha512-OEiOxNAMH9ENFYqRsWUj3CWyN3V8P3ZXyfNAtX5rlCEC/ERXrCEFCJji/1F6POzsXAzxvUJrTSTCy7G6BhA6Fw==
  
  esbuild-linux-riscv64@0.15.9:
    version "0.15.9"
    resolved "https://registry.npmmirror.com/esbuild-linux-riscv64/-/esbuild-linux-riscv64-0.15.9.tgz#03b6f9708272c117006b9ce1c9ae8aab91b5a5b6"
    integrity sha512-ukm4KsC3QRausEFjzTsOZ/qqazw0YvJsKmfoZZm9QW27OHjk2XKSQGGvx8gIEswft/Sadp03/VZvAaqv5AIwNA==
  
  esbuild-linux-s390x@0.15.9:
    version "0.15.9"
    resolved "https://registry.npmmirror.com/esbuild-linux-s390x/-/esbuild-linux-s390x-0.15.9.tgz#65fb645623d575780f155f0ee52935e62f9cca4f"
    integrity sha512-uDOQEH55wQ6ahcIKzQr3VyjGc6Po/xblLGLoUk3fVL1qjlZAibtQr6XRfy5wPJLu/M2o0vQKLq4lyJ2r1tWKcw==
  
  esbuild-netbsd-64@0.15.9:
    version "0.15.9"
    resolved "https://registry.npmmirror.com/esbuild-netbsd-64/-/esbuild-netbsd-64-0.15.9.tgz#7894297bb9e11f3d2f6f31efecd1be4e181f0d54"
    integrity sha512-yWgxaYTQz+TqX80wXRq6xAtb7GSBAp6gqLKfOdANg9qEmAI1Bxn04IrQr0Mzm4AhxvGKoHzjHjMgXbCCSSDxcw==
  
  esbuild-openbsd-64@0.15.9:
    version "0.15.9"
    resolved "https://registry.npmmirror.com/esbuild-openbsd-64/-/esbuild-openbsd-64-0.15.9.tgz#0f9d4c6b6772ae50d491d68ad4cc028300dda7c0"
    integrity sha512-JmS18acQl4iSAjrEha1MfEmUMN4FcnnrtTaJ7Qg0tDCOcgpPPQRLGsZqhes0vmx8VA6IqRyScqXvaL7+Q0Uf3A==
  
  esbuild-sunos-64@0.15.9:
    version "0.15.9"
    resolved "https://registry.npmmirror.com/esbuild-sunos-64/-/esbuild-sunos-64-0.15.9.tgz#c32b7ce574b08f814de810ce7c1e34b843768126"
    integrity sha512-UKynGSWpzkPmXW3D2UMOD9BZPIuRaSqphxSCwScfEE05Be3KAmvjsBhht1fLzKpiFVJb0BYMd4jEbWMyJ/z1hQ==
  
  esbuild-windows-32@0.15.9:
    version "0.15.9"
    resolved "https://registry.npmmirror.com/esbuild-windows-32/-/esbuild-windows-32-0.15.9.tgz#37a8f7cfccdb2177cd46613a1a1e1fcb419d36df"
    integrity sha512-aqXvu4/W9XyTVqO/hw3rNxKE1TcZiEYHPsXM9LwYmKSX9/hjvfIJzXwQBlPcJ/QOxedfoMVH0YnhhQ9Ffb0RGA==
  
  esbuild-windows-64@0.15.9:
    version "0.15.9"
    resolved "https://registry.npmmirror.com/esbuild-windows-64/-/esbuild-windows-64-0.15.9.tgz#5fe1e76fc13dd7f520febecaea110b6f1649c7b2"
    integrity sha512-zm7h91WUmlS4idMtjvCrEeNhlH7+TNOmqw5dJPJZrgFaxoFyqYG6CKDpdFCQXdyKpD5yvzaQBOMVTCBVKGZDEg==
  
  esbuild-windows-arm64@0.15.9:
    version "0.15.9"
    resolved "https://registry.npmmirror.com/esbuild-windows-arm64/-/esbuild-windows-arm64-0.15.9.tgz#98504428f7ba7d2cfc11940be68ee1139173fdce"
    integrity sha512-yQEVIv27oauAtvtuhJVfSNMztJJX47ismRS6Sv2QMVV9RM+6xjbMWuuwM2nxr5A2/gj/mu2z9YlQxiwoFRCfZA==
  
  esbuild@^0.15.6:
    version "0.15.9"
    resolved "https://registry.npmmirror.com/esbuild/-/esbuild-0.15.9.tgz#33fb18b67b85004b6f7616bec955ca4b3e58935d"
    integrity sha512-OnYr1rkMVxtmMHIAKZLMcEUlJmqcbxBz9QoBU8G9v455na0fuzlT/GLu6l+SRghrk0Mm2fSSciMmzV43Q8e0Gg==
    optionalDependencies:
      "@esbuild/android-arm" "0.15.9"
      "@esbuild/linux-loong64" "0.15.9"
      esbuild-android-64 "0.15.9"
      esbuild-android-arm64 "0.15.9"
      esbuild-darwin-64 "0.15.9"
      esbuild-darwin-arm64 "0.15.9"
      esbuild-freebsd-64 "0.15.9"
      esbuild-freebsd-arm64 "0.15.9"
      esbuild-linux-32 "0.15.9"
      esbuild-linux-64 "0.15.9"
      esbuild-linux-arm "0.15.9"
      esbuild-linux-arm64 "0.15.9"
      esbuild-linux-mips64le "0.15.9"
      esbuild-linux-ppc64le "0.15.9"
      esbuild-linux-riscv64 "0.15.9"
      esbuild-linux-s390x "0.15.9"
      esbuild-netbsd-64 "0.15.9"
      esbuild-openbsd-64 "0.15.9"
      esbuild-sunos-64 "0.15.9"
      esbuild-windows-32 "0.15.9"
      esbuild-windows-64 "0.15.9"
      esbuild-windows-arm64 "0.15.9"
  
  escalade@^3.1.1:
    version "3.1.1"
    resolved "https://registry.npmmirror.com/escalade/-/escalade-3.1.1.tgz#d8cfdc7000965c5a0174b4a82eaa5c0552742e40"
    integrity sha512-k0er2gUkLf8O0zKJiAhmkTnJlTvINGv7ygDNPbeIsX/TJjGJZHuh9B2UxbsaEkmlEo9MfhrSzmhIlhRlI2GXnw==
  
  escape-string-regexp@^1.0.5:
    version "1.0.5"
    resolved "https://registry.npmmirror.com/escape-string-regexp/-/escape-string-regexp-1.0.5.tgz#1b61c0562190a8dff6ae3bb2cf0200ca130b86d4"
    integrity sha512-vbRorB5FUQWvla16U8R/qgaFIya2qGzwDrNmCZuYKrbdSUMG6I1ZCGQRefkRVhuOkIGVne7BQ35DSfo1qvJqFg==
  
  estree-walker@^2.0.1, estree-walker@^2.0.2:
    version "2.0.2"
    resolved "https://registry.npmmirror.com/estree-walker/-/estree-walker-2.0.2.tgz#52f010178c2a4c117a7757cfe942adb7d2da4cac"
    integrity sha512-Rfkk/Mp/DL7JVje3u18FxFujQlTNR2q6QfMSMB7AvCBx91NGj/ba3kCfza0f6dVDbw7YlRf/nDrn7pQrCCyQ/w==
  
  execa@^5.1.1:
    version "5.1.1"
    resolved "https://registry.npmmirror.com/execa/-/execa-5.1.1.tgz#f80ad9cbf4298f7bd1d4c9555c21e93741c411dd"
    integrity sha512-8uSpZZocAZRBAPIEINJj3Lo9HyGitllczc27Eh5YYojjMFMn8yHMDMaUHE2Jqfq05D/wucwI4JGURyXt1vchyg==
    dependencies:
      cross-spawn "^7.0.3"
      get-stream "^6.0.0"
      human-signals "^2.1.0"
      is-stream "^2.0.0"
      merge-stream "^2.0.0"
      npm-run-path "^4.0.1"
      onetime "^5.1.2"
      signal-exit "^3.0.3"
      strip-final-newline "^2.0.0"
  
  fast-glob@^3.2.11:
    version "3.2.12"
    resolved "https://registry.npmmirror.com/fast-glob/-/fast-glob-3.2.12.tgz#7f39ec99c2e6ab030337142da9e0c18f37afae80"
    integrity sha512-DVj4CQIYYow0BlaelwK1pHl5n5cRSJfM60UA0zK891sVInoPri2Ekj7+e1CT3/3qxXenpI+nBBmQAcJPJgaj4w==
    dependencies:
      "@nodelib/fs.stat" "^2.0.2"
      "@nodelib/fs.walk" "^1.2.3"
      glob-parent "^5.1.2"
      merge2 "^1.3.0"
      micromatch "^4.0.4"
  
  fastq@^1.6.0:
    version "1.13.0"
    resolved "https://registry.npmmirror.com/fastq/-/fastq-1.13.0.tgz#616760f88a7526bdfc596b7cab8c18938c36b98c"
    integrity sha512-YpkpUnK8od0o1hmeSc7UUs/eB/vIPWJYjKck2QKIzAf71Vm1AAQ3EbuZB3g2JIy+pg+ERD0vqI79KyZiB2e2Nw==
    dependencies:
      reusify "^1.0.4"
  
  fill-range@^7.0.1:
    version "7.0.1"
    resolved "https://registry.npmmirror.com/fill-range/-/fill-range-7.0.1.tgz#1919a6a7c75fe38b2c7c77e5198535da9acdda40"
    integrity sha512-qOo9F+dMUmC2Lcb4BbVvnKJxTPjCm+RRpe4gDuGrzkL7mEVl/djYSu2OdQ2Pa302N4oqkSg9ir6jaLWJ2USVpQ==
    dependencies:
      to-regex-range "^5.0.1"
  
  find-up@^5.0.0:
    version "5.0.0"
    resolved "https://registry.npmmirror.com/find-up/-/find-up-5.0.0.tgz#4c92819ecb7083561e4f4a240a86be5198f536fc"
    integrity sha512-78/PXT1wlLLDgTzDs7sjq9hzz0vXD+zn+7wypEe4fXQxCmdmqfGsEPQxmiCSQI3ajFV91bVSsvNtrJRiW6nGng==
    dependencies:
      locate-path "^6.0.0"
      path-exists "^4.0.0"
  
  fsevents@~2.3.2:
    version "2.3.2"
    resolved "https://registry.npmmirror.com/fsevents/-/fsevents-2.3.2.tgz#8a526f78b8fdf4623b709e0b975c52c24c02fd1a"
    integrity sha512-xiqMQR4xAeHTuB9uWm+fFRcIOgKBMiOBP+eXiyT7jsgVCq1bkVygt00oASowB7EdtpOHaaPgKt812P9ab+DDKA==
  
  function-bind@^1.1.1:
    version "1.1.1"
    resolved "https://registry.npmmirror.com/function-bind/-/function-bind-1.1.1.tgz#a56899d3ea3c9bab874bb9773b7c5ede92f4895d"
    integrity sha512-yIovAzMX49sF8Yl58fSCWJ5svSLuaibPxXQJFLmBObTuCr0Mf1KiPopGM9NiFjiYBCbfaa2Fh6breQ6ANVTI0A==
  
  gensync@^1.0.0-beta.2:
    version "1.0.0-beta.2"
    resolved "https://registry.npmmirror.com/gensync/-/gensync-1.0.0-beta.2.tgz#32a6ee76c3d7f52d46b2b1ae5d93fea8580a25e0"
    integrity sha512-3hN7NaskYvMDLQY55gnW3NQ+mesEAepTqlg+VEbj7zzqEMBVNhzcGYYeqFo/TlYz6eQiFcp1HcsCZO+nGgS8zg==
  
  get-stream@^6.0.0:
    version "6.0.1"
    resolved "https://registry.npmmirror.com/get-stream/-/get-stream-6.0.1.tgz#a262d8eef67aced57c2852ad6167526a43cbf7b7"
    integrity sha512-ts6Wi+2j3jQjqi70w5AlN8DFnkSwC+MqmxEzdEALB2qXZYV3X/b1CTfgPLGJNMeAWxdPfU8FO1ms3NUfaHCPYg==
  
  glob-parent@^5.1.2, glob-parent@~5.1.2:
    version "5.1.2"
    resolved "https://registry.npmmirror.com/glob-parent/-/glob-parent-5.1.2.tgz#869832c58034fe68a4093c17dc15e8340d8401c4"
    integrity sha512-AOIgSQCepiJYwP3ARnGx+5VnTu2HBYdzbGP45eLw1vr3zB3vZLeyed1sC9hnbcOc9/SrMyM5RPQrkGz4aS9Zow==
    dependencies:
      is-glob "^4.0.1"
  
  globals@^11.1.0:
    version "11.12.0"
    resolved "https://registry.npmmirror.com/globals/-/globals-11.12.0.tgz#ab8795338868a0babd8525758018c2a7eb95c42e"
    integrity sha512-WOBp/EEGUiIsJSp7wcv/y6MO+lV9UoncWqxuFfm8eBwzWNgyfBd6Gz+IeKQ9jCmyhoH99g15M3T+QaVHFjizVA==
  
  gzip-size@^6.0.0:
    version "6.0.0"
    resolved "https://registry.npmmirror.com/gzip-size/-/gzip-size-6.0.0.tgz#065367fd50c239c0671cbcbad5be3e2eeb10e462"
    integrity sha512-ax7ZYomf6jqPTQ4+XCpUGyXKHk5WweS+e05MBO4/y3WJ5RkmPXNKvX+bx1behVILVwr6JSQvZAku021CHPXG3Q==
    dependencies:
      duplexer "^0.1.2"
  
  has-flag@^3.0.0:
    version "3.0.0"
    resolved "https://registry.npmmirror.com/has-flag/-/has-flag-3.0.0.tgz#b5d454dc2199ae225699f3467e5a07f3b955bafd"
    integrity sha512-sKJf1+ceQBr4SMkvQnBDNDtf4TXpVhVGateu0t918bl30FnbE2m4vNLX+VWe/dpjlb+HugGYzW7uQXH98HPEYw==
  
  has@^1.0.3:
    version "1.0.3"
    resolved "https://registry.npmmirror.com/has/-/has-1.0.3.tgz#722d7cbfc1f6aa8241f16dd814e011e1f41e8796"
    integrity sha512-f2dvO0VU6Oej7RkWJGrehjbzMAjFp5/VKPp5tTpWIV4JHHZK1/BxbFRtf/siA2SWTe09caDmVtYYzWEIbBS4zw==
    dependencies:
      function-bind "^1.1.1"
  
  html-tags@^3.1.0:
    version "3.2.0"
    resolved "https://registry.npmmirror.com/html-tags/-/html-tags-3.2.0.tgz#dbb3518d20b726524e4dd43de397eb0a95726961"
    integrity sha512-vy7ClnArOZwCnqZgvv+ddgHgJiAFXe3Ge9ML5/mBctVJoUoYPCdxVucOywjDARn6CVoh3dRSFdPHy2sX80L0Wg==
  
  human-signals@^2.1.0:
    version "2.1.0"
    resolved "https://registry.npmmirror.com/human-signals/-/human-signals-2.1.0.tgz#dc91fcba42e4d06e4abaed33b3e7a3c02f514ea0"
    integrity sha512-B4FFZ6q/T2jhhksgkbEW3HBvWIfDW85snkQgawt07S7J5QXTk6BkNV+0yAeZrM5QpMAdYlocGoljn0sJ/WQkFw==
  
  is-binary-path@~2.1.0:
    version "2.1.0"
    resolved "https://registry.npmmirror.com/is-binary-path/-/is-binary-path-2.1.0.tgz#ea1f7f3b80f064236e83470f86c09c254fb45b09"
    integrity sha512-ZMERYes6pDydyuGidse7OsHxtbI7WVeUEozgR/g7rd0xUimYNlvZRE/K2MgZTjWy725IfelLeVcEM97mmtRGXw==
    dependencies:
      binary-extensions "^2.0.0"
  
  is-core-module@^2.9.0:
    version "2.10.0"
    resolved "https://registry.npmmirror.com/is-core-module/-/is-core-module-2.10.0.tgz#9012ede0a91c69587e647514e1d5277019e728ed"
    integrity sha512-Erxj2n/LDAZ7H8WNJXd9tw38GYM3dv8rk8Zcs+jJuxYTW7sozH+SS8NtrSjVL1/vpLvWi1hxy96IzjJ3EHTJJg==
    dependencies:
      has "^1.0.3"
  
  is-extglob@^2.1.1:
    version "2.1.1"
    resolved "https://registry.npmmirror.com/is-extglob/-/is-extglob-2.1.1.tgz#a88c02535791f02ed37c76a1b9ea9773c833f8c2"
    integrity sha512-SbKbANkN603Vi4jEZv49LeVJMn4yGwsbzZworEoyEiutsN3nJYdbO36zfhGJ6QEDpOZIFkDtnq5JRxmvl3jsoQ==
  
  is-glob@^4.0.1, is-glob@~4.0.1:
    version "4.0.3"
    resolved "https://registry.npmmirror.com/is-glob/-/is-glob-4.0.3.tgz#64f61e42cbbb2eec2071a9dac0b28ba1e65d5084"
    integrity sha512-xelSayHH36ZgE7ZWhli7pW34hNbNl8Ojv5KVmkJD4hBdD3th8Tfk9vYasLM+mXWOZhFkgZfxhLSnrwRr4elSSg==
    dependencies:
      is-extglob "^2.1.1"
  
  is-number@^7.0.0:
    version "7.0.0"
    resolved "https://registry.npmmirror.com/is-number/-/is-number-7.0.0.tgz#7535345b896734d5f80c4d06c50955527a14f12b"
    integrity sha512-41Cifkg6e8TylSpdtTpeLVMqvSBEVzTttHvERD741+pnZ8ANv0004MRL43QKPDlK9cGvNp6NZWZUBlbGXYxxng==
  
  is-stream@^2.0.0:
    version "2.0.1"
    resolved "https://registry.npmmirror.com/is-stream/-/is-stream-2.0.1.tgz#fac1e3d53b97ad5a9d0ae9cef2389f5810a5c077"
    integrity sha512-hFoiJiTl63nn+kstHGBtewWSKnQLpyb155KHheA1l39uvtO9nWIop1p3udqPcUd/xbF1VLMO4n7OI6p7RbngDg==
  
  isexe@^2.0.0:
    version "2.0.0"
    resolved "https://registry.npmmirror.com/isexe/-/isexe-2.0.0.tgz#e8fbf374dc556ff8947a10dcb0572d633f2cfa10"
    integrity sha512-RHxMLp9lnKHGHRng9QFhRCMbYAcVpn69smSGcq3f36xjgVVWThj4qqLbTLlq7Ssj8B+fIQ1EuCEGI2lKsyQeIw==
  
  jiti@^1.14.0:
    version "1.16.0"
    resolved "https://registry.npmmirror.com/jiti/-/jiti-1.16.0.tgz#f72065954446ad1866fa8d6bcc3bed3cc1cebdaa"
    integrity sha512-L3BJStEf5NAqNuzrpfbN71dp43mYIcBUlCRea/vdyv5dW/AYa1d4bpelko4SHdY3I6eN9Wzyasxirj1/vv5kmg==
  
  js-tokens@^4.0.0:
    version "4.0.0"
    resolved "https://registry.npmmirror.com/js-tokens/-/js-tokens-4.0.0.tgz#19203fb59991df98e3a287050d4647cdeaf32499"
    integrity sha512-RdJUflcE3cUzKiMqQgsCu06FPu9UdIJO0beYbPhHN4k6apgJtifcoCtT9bcxOpYBtpD2kCM6Sbzg4CausW/PKQ==
  
  jsesc@^2.5.1:
    version "2.5.2"
    resolved "https://registry.npmmirror.com/jsesc/-/jsesc-2.5.2.tgz#80564d2e483dacf6e8ef209650a67df3f0c283a4"
    integrity sha512-OYu7XEzjkCQ3C5Ps3QIZsQfNpqoJyZZA99wd9aWd05NCtC5pWOkShK2mkL6HXQR6/Cy2lbNdPlZBpuQHXE63gA==
  
  json5@^2.2.1:
    version "2.2.1"
    resolved "https://registry.npmmirror.com/json5/-/json5-2.2.1.tgz#655d50ed1e6f95ad1a3caababd2b0efda10b395c"
    integrity sha512-1hqLFMSrGHRHxav9q9gNjJ5EXznIxGVO09xQRrwplcS8qs28pZ8s8hupZAmqDwZUmVZ2Qb2jnyPOWcDH8m8dlA==
  
  jsonc-parser@^3.0.0:
    version "3.2.0"
    resolved "https://registry.npmmirror.com/jsonc-parser/-/jsonc-parser-3.2.0.tgz#31ff3f4c2b9793f89c67212627c51c6394f88e76"
    integrity sha512-gfFQZrcTc8CnKXp6Y4/CBT3fTc0OVuDofpre4aEeEpSBPV5X5v4+Vmx+8snU7RLPrNHPKSgLxGo9YuQzz20o+w==
  
  kolorist@^1.5.1:
    version "1.6.0"
    resolved "https://registry.npmmirror.com/kolorist/-/kolorist-1.6.0.tgz#f43ac794305b30032a5bedcae7799d0f91d2ff36"
    integrity sha512-dLkz37Ab97HWMx9KTes3Tbi3D1ln9fCAy2zr2YVExJasDRPGRaKcoE4fycWNtnCAJfjFqe0cnY+f8KT2JePEXQ==
  
  local-pkg@^0.4.1:
    version "0.4.2"
    resolved "https://registry.npmmirror.com/local-pkg/-/local-pkg-0.4.2.tgz#13107310b77e74a0e513147a131a2ba288176c2f"
    integrity sha512-mlERgSPrbxU3BP4qBqAvvwlgW4MTg78iwJdGGnv7kibKjWcJksrG3t6LB5lXI93wXRDvG4NpUgJFmTG4T6rdrg==
  
  locate-path@^6.0.0:
    version "6.0.0"
    resolved "https://registry.npmmirror.com/locate-path/-/locate-path-6.0.0.tgz#55321eb309febbc59c4801d931a72452a681d286"
    integrity sha512-iPZK6eYjbxRu3uB4/WZ3EsEIMJFMqAoopl3R+zuq0UjcAm/MO6KCweDgPfP3elTztoKP3KtnVHxTn2NHBSDVUw==
    dependencies:
      p-locate "^5.0.0"
  
  magic-string@^0.25.7:
    version "0.25.9"
    resolved "https://registry.npmmirror.com/magic-string/-/magic-string-0.25.9.tgz#de7f9faf91ef8a1c91d02c2e5314c8277dbcdd1c"
    integrity sha512-RmF0AsMzgt25qzqqLc1+MbHmhdx0ojF2Fvs4XnOqz2ZOBXzzkEwc/dJQZCYHAn7v1jbVOjAZfK8msRn4BxO4VQ==
    dependencies:
      sourcemap-codec "^1.4.8"
  
  magic-string@^0.26.2:
    version "0.26.4"
    resolved "https://registry.npmmirror.com/magic-string/-/magic-string-0.26.4.tgz#3d057d3d0234c3b179aa3f421b33fe5d8a4044a8"
    integrity sha512-e5uXtVJ22aEpK9u1+eQf0fSxHeqwyV19K+uGnlROCxUhzwRip9tBsaMViK/0vC3viyPd5Gtucp3UmEp/Q2cPTQ==
    dependencies:
      sourcemap-codec "^1.4.8"
  
  mdn-data@2.0.28:
    version "2.0.28"
    resolved "https://registry.npmmirror.com/mdn-data/-/mdn-data-2.0.28.tgz#5ec48e7bef120654539069e1ae4ddc81ca490eba"
    integrity sha512-aylIc7Z9y4yzHYAJNuESG3hfhC+0Ibp/MAMiaOZgNv4pmEdFyfZhhhny4MNiAfWdBQ1RQ2mfDWmM1x8SvGyp8g==
  
  merge-stream@^2.0.0:
    version "2.0.0"
    resolved "https://registry.npmmirror.com/merge-stream/-/merge-stream-2.0.0.tgz#52823629a14dd00c9770fb6ad47dc6310f2c1f60"
    integrity sha512-abv/qOcuPfk3URPfDzmZU1LKmuw8kT+0nIHvKrKgFrwifol/doWcdA4ZqsWQ8ENrFKkd67Mfpo/LovbIUsbt3w==
  
  merge2@^1.3.0:
    version "1.4.1"
    resolved "https://registry.npmmirror.com/merge2/-/merge2-1.4.1.tgz#4368892f885e907455a6fd7dc55c0c9d404990ae"
    integrity sha512-8q7VEgMJW4J8tcfVPy8g09NcQwZdbwFEqhe/WZkoIzjn/3TGDwtOCYtXGxA3O8tPzpczCCDgv+P2P5y00ZJOOg==
  
  micromatch@^4.0.4:
    version "4.0.5"
    resolved "https://registry.npmmirror.com/micromatch/-/micromatch-4.0.5.tgz#bc8999a7cbbf77cdc89f132f6e467051b49090c6"
    integrity sha512-DMy+ERcEW2q8Z2Po+WNXuw3c5YaUSFjAO5GsJqfEl7UjvtIuFKO6ZrKvcItdy98dwFI2N1tg3zNIdKaQT+aNdA==
    dependencies:
      braces "^3.0.2"
      picomatch "^2.3.1"
  
  mimic-fn@^2.1.0:
    version "2.1.0"
    resolved "https://registry.npmmirror.com/mimic-fn/-/mimic-fn-2.1.0.tgz#7ed2c2ccccaf84d3ffcb7a69b57711fc2083401b"
    integrity sha512-OqbOk5oEQeAZ8WXWydlu9HJjz9WVdEIvamMCcXmuqUYjTknH/sqsWvhQ3vgwKFRR1HpjvNBKQ37nbJgYzGqGcg==
  
  mrmime@^1.0.0:
    version "1.0.1"
    resolved "https://registry.npmmirror.com/mrmime/-/mrmime-1.0.1.tgz#5f90c825fad4bdd41dc914eff5d1a8cfdaf24f27"
    integrity sha512-hzzEagAgDyoU1Q6yg5uI+AorQgdvMCur3FcKf7NhMKWsaYg+RnbTyHRa/9IlLF9rf455MOCtcqqrQQ83pPP7Uw==
  
  ms@2.1.2:
    version "2.1.2"
    resolved "https://registry.npmmirror.com/ms/-/ms-2.1.2.tgz#d09d1f357b443f493382a8eb3ccd183872ae6009"
    integrity sha512-sGkPx+VjMtmA6MX27oA4FBFELFCZZ4S4XqeGOXCv68tT+jb3vk/RyaKWP0PTKyWtmLSM0b+adUTEvbs1PEaH2w==
  
  nanoid@^3.3.4:
    version "3.3.4"
    resolved "https://registry.npmmirror.com/nanoid/-/nanoid-3.3.4.tgz#730b67e3cd09e2deacf03c027c81c9d9dbc5e8ab"
    integrity sha512-MqBkQh/OHTS2egovRtLk45wEyNXwF+cokD+1YPf9u5VfJiRdAiRwB2froX5Co9Rh20xs4siNPm8naNotSD6RBw==
  
  node-fetch-native@^0.1.5:
    version "0.1.7"
    resolved "https://registry.npmmirror.com/node-fetch-native/-/node-fetch-native-0.1.7.tgz#8a8ed0d5d1d1b89d34c6731a9d69d407c09df067"
    integrity sha512-hps7dFJM0IEF056JftDSSjWDAwW9v2clwHoUJiHyYgl+ojoqjKyWybljMlpTmlC1O+864qovNlRLyAIjRxu9Ag==
  
  node-releases@^2.0.6:
    version "2.0.6"
    resolved "https://registry.npmmirror.com/node-releases/-/node-releases-2.0.6.tgz#8a7088c63a55e493845683ebf3c828d8c51c5503"
    integrity sha512-PiVXnNuFm5+iYkLBNeq5211hvO38y63T0i2KKh2KnUs3RpzJ+JtODFjkD8yjLwnDkTYF1eKXheUwdssR+NRZdg==
  
  normalize-path@^3.0.0, normalize-path@~3.0.0:
    version "3.0.0"
    resolved "https://registry.npmmirror.com/normalize-path/-/normalize-path-3.0.0.tgz#0dcd69ff23a1c9b11fd0978316644a0388216a65"
    integrity sha512-6eZs5Ls3WtCisHWp9S2GUy8dqkpGi4BVSz3GaqiE6ezub0512ESztXUwUB6C6IKbQkY2Pnb/mD4WYojCRwcwLA==
  
  npm-run-path@^4.0.1:
    version "4.0.1"
    resolved "https://registry.npmmirror.com/npm-run-path/-/npm-run-path-4.0.1.tgz#b7ecd1e5ed53da8e37a55e1c2269e0b97ed748ea"
    integrity sha512-S48WzZW777zhNIrn7gxOlISNAqi9ZC/uQFnRdbeIHhZhCA6UqpkOT8T1G7BvfdgP4Er8gF4sUbaS0i7QvIfCWw==
    dependencies:
      path-key "^3.0.0"
  
  nprogress@^0.2.0:
    version "0.2.0"
    resolved "https://registry.npmmirror.com/nprogress/-/nprogress-0.2.0.tgz#cb8f34c53213d895723fcbab907e9422adbcafb1"
    integrity sha512-I19aIingLgR1fmhftnbWWO3dXc0hSxqHQHQb3H8m+K3TnEn/iSeTZZOyvKXWqQESMwuUVnatlCnZdLBZZt2VSA==
  
  ohmyfetch@^0.4.18:
    version "0.4.19"
    resolved "https://registry.npmmirror.com/ohmyfetch/-/ohmyfetch-0.4.19.tgz#6df19245548a49f9614a0ef1a668988b50637454"
    integrity sha512-OH2xVeRPNsHkx+JFdq1ewe9EwVDfTrv6lsBHpIx8wIWXowP5FyLhhYVaXIVlPsW542rt7gmwK14FwIDWUXEO+Q==
    dependencies:
      destr "^1.1.1"
      node-fetch-native "^0.1.5"
      ufo "^0.8.5"
      undici "^5.10.0"
  
  onetime@^5.1.2:
    version "5.1.2"
    resolved "https://registry.npmmirror.com/onetime/-/onetime-5.1.2.tgz#d0e96ebb56b07476df1dd9c4806e5237985ca45e"
    integrity sha512-kbpaSSGJTWdAY5KPVeMOKXSrPtr8C8C7wodJbcsd51jRnmD+GZu8Y0VoU6Dm5Z4vWr0Ig/1NKuWRKf7j5aaYSg==
    dependencies:
      mimic-fn "^2.1.0"
  
  p-limit@^3.0.2:
    version "3.1.0"
    resolved "https://registry.npmmirror.com/p-limit/-/p-limit-3.1.0.tgz#e1daccbe78d0d1388ca18c64fea38e3e57e3706b"
    integrity sha512-TYOanM3wGwNGsZN2cVTYPArw454xnXj5qmWF1bEoAc4+cU/ol7GVh7odevjp1FNHduHc3KZMcFduxU5Xc6uJRQ==
    dependencies:
      yocto-queue "^0.1.0"
  
  p-locate@^5.0.0:
    version "5.0.0"
    resolved "https://registry.npmmirror.com/p-locate/-/p-locate-5.0.0.tgz#83c8315c6785005e3bd021839411c9e110e6d834"
    integrity sha512-LaNjtRWUBY++zB5nE/NwcaoMylSPk+S+ZHNB1TzdbMJMny6dynpAGt7X/tl/QYq3TIeE6nxHppbo2LGymrG5Pw==
    dependencies:
      p-limit "^3.0.2"
  
  path-exists@^4.0.0:
    version "4.0.0"
    resolved "https://registry.npmmirror.com/path-exists/-/path-exists-4.0.0.tgz#513bdbe2d3b95d7762e8c1137efa195c6c61b5b3"
    integrity sha512-ak9Qy5Q7jYb2Wwcey5Fpvg2KoAc/ZIhLSLOSBmRmygPsGwkVVt0fZa0qrtMz+m6tJTAHfZQ8FnmB4MG4LWy7/w==
  
  path-key@^3.0.0, path-key@^3.1.0:
    version "3.1.1"
    resolved "https://registry.npmmirror.com/path-key/-/path-key-3.1.1.tgz#581f6ade658cbba65a0d3380de7753295054f375"
    integrity sha512-ojmeN0qd+y0jszEtoY48r0Peq5dwMEkIlCOu6Q5f41lfkswXuKtYrhgoTpLnyIcHm24Uhqx+5Tqm2InSwLhE6Q==
  
  path-parse@^1.0.7:
    version "1.0.7"
    resolved "https://registry.npmmirror.com/path-parse/-/path-parse-1.0.7.tgz#fbc114b60ca42b30d9daf5858e4bd68bbedb6735"
    integrity sha512-LDJzPVEEEPR+y48z93A0Ed0yXb8pAByGWo/k5YYdYgpY2/2EsOsksJrq7lOHxryrVOn1ejG6oAp8ahvOIQD8sw==
  
  pathe@^0.3.3:
    version "0.3.8"
    resolved "https://registry.npmmirror.com/pathe/-/pathe-0.3.8.tgz#3584f03fda1981a6efe8bc24623d82cbb4219acb"
    integrity sha512-c71n61F1skhj/jzZe+fWE9XDoTYjWbUwIKVwFftZ5IOgiX44BVkTkD+/803YDgR50tqeO4eXWxLyVHBLWQAD1g==
  
  perfect-debounce@^0.1.3:
    version "0.1.3"
    resolved "https://registry.npmmirror.com/perfect-debounce/-/perfect-debounce-0.1.3.tgz#ff6798ea543a3ba1f0efeeaf97c0340f5c8871ce"
    integrity sha512-NOT9AcKiDGpnV/HBhI22Str++XWcErO/bALvHCuhv33owZW/CjH8KAFLZDCmu3727sihe0wTxpDhyGc6M8qacQ==
  
  picocolors@^1.0.0:
    version "1.0.0"
    resolved "https://registry.npmmirror.com/picocolors/-/picocolors-1.0.0.tgz#cb5bdc74ff3f51892236eaf79d68bc44564ab81c"
    integrity sha512-1fygroTLlHu66zi26VoTDv8yRgm0Fccecssto+MhsZ0D/DGW2sm8E8AjW7NU5VVTRt5GxbeZ5qBuJr+HyLYkjQ==
  
  picomatch@^2.0.4, picomatch@^2.2.1, picomatch@^2.2.2, picomatch@^2.3.1:
    version "2.3.1"
    resolved "https://registry.npmmirror.com/picomatch/-/picomatch-2.3.1.tgz#3ba3833733646d9d3e4995946c1365a67fb07a42"
    integrity sha512-JU3teHTNjmE2VCGFzuY8EXzCDVwEqB2a8fsIvwaStHhAWJEeVd1o1QD80CU6+ZdEXXSLbSsuLwJjkCBWqRQUVA==
  
  "plugin-vue^3.0.4@link:@vitejs/plugin-vue^3.0.4":
    version "0.0.0"
    uid ""
  
  postcss@^8.1.10, postcss@^8.4.16:
    version "8.4.16"
    resolved "https://registry.npmmirror.com/postcss/-/postcss-8.4.16.tgz#33a1d675fac39941f5f445db0de4db2b6e01d43c"
    integrity sha512-ipHE1XBvKzm5xI7hiHCZJCSugxvsdq2mPnsq5+UF+VHCjiBvtDrlxJfMBToWaP9D5XlgNmcFGqoHmUn0EYEaRQ==
    dependencies:
      nanoid "^3.3.4"
      picocolors "^1.0.0"
      source-map-js "^1.0.2"
  
  preact@^10.0.0:
    version "10.11.0"
    resolved "https://registry.npmmirror.com/preact/-/preact-10.11.0.tgz#26af45a0613f4e17a197cc39d7a1ea23e09b2532"
    integrity sha512-Fk6+vB2kb6mSJfDgODq0YDhMfl0HNtK5+Uc9QqECO4nlyPAQwCI+BKyWO//idA7ikV7o+0Fm6LQmNuQi1wXI1w==
  
  queue-microtask@^1.2.2:
    version "1.2.3"
    resolved "https://registry.npmmirror.com/queue-microtask/-/queue-microtask-1.2.3.tgz#4929228bbc724dfac43e0efb058caf7b6cfb6243"
    integrity sha512-NuaNSa6flKT5JaSYQzJok04JzTL1CA6aGhv5rfLW3PgqA+M2ChpZQnAC8h8i4ZFkBS8X5RqkDBHA7r4hej3K9A==
  
  readdirp@~3.6.0:
    version "3.6.0"
    resolved "https://registry.npmmirror.com/readdirp/-/readdirp-3.6.0.tgz#74a370bd857116e245b29cc97340cd431a02a6c7"
    integrity sha512-hOS089on8RduqdbhvQ5Z37A0ESjsqz6qnRcffsMU3495FuTdqSm+7bhJ29JvIOsBDEEnan5DPu9t3To9VRlMzA==
    dependencies:
      picomatch "^2.2.1"
  
  resolve@^1.22.1:
    version "1.22.1"
    resolved "https://registry.npmmirror.com/resolve/-/resolve-1.22.1.tgz#27cb2ebb53f91abb49470a928bba7558066ac177"
    integrity sha512-nBpuuYuY5jFsli/JIs1oldw6fOQCBioohqWZg/2hiaOybXOft4lonv85uDOKXdf8rhyK159cxU5cDcK/NKk8zw==
    dependencies:
      is-core-module "^2.9.0"
      path-parse "^1.0.7"
      supports-preserve-symlinks-flag "^1.0.0"
  
  reusify@^1.0.4:
    version "1.0.4"
    resolved "https://registry.npmmirror.com/reusify/-/reusify-1.0.4.tgz#90da382b1e126efc02146e90845a88db12925d76"
    integrity sha512-U9nH88a3fc/ekCF1l0/UP1IosiuIjyTh7hBvXVMHYgVcfGvt897Xguj2UOLDeI5BG2m7/uwyaLVT6fbtCwTyzw==
  
  rollup@~2.78.0:
    version "2.78.1"
    resolved "https://registry.npmmirror.com/rollup/-/rollup-2.78.1.tgz#52fe3934d9c83cb4f7c4cb5fb75d88591be8648f"
    integrity sha512-VeeCgtGi4P+o9hIg+xz4qQpRl6R401LWEXBmxYKOV4zlF82lyhgh2hTZnheFUbANE8l2A41F458iwj2vEYaXJg==
    optionalDependencies:
      fsevents "~2.3.2"
  
  run-parallel@^1.1.9:
    version "1.2.0"
    resolved "https://registry.npmmirror.com/run-parallel/-/run-parallel-1.2.0.tgz#66d1368da7bdf921eb9d95bd1a9229e7f21a43ee"
    integrity sha512-5l4VyZR86LZ/lDxZTR6jqL8AFE2S0IFLMP26AbjsLVADxHdhB/c0GUsH+y39UfCi3dzz8OlQuPmnaJOMoDHQBA==
    dependencies:
      queue-microtask "^1.2.2"
  
  safe-buffer@~5.1.1:
    version "5.1.2"
    resolved "https://registry.npmmirror.com/safe-buffer/-/safe-buffer-5.1.2.tgz#991ec69d296e0313747d59bdfd2b745c35f8828d"
    integrity sha512-Gd2UZBJDkXlY7GbJxfsE8/nvKkUEU1G38c1siN6QP6a9PT9MmHB8GnpscSmMJSoF8LOIrt8ud/wPtojys4G6+g==
  
  semver@^6.3.0:
    version "6.3.0"
    resolved "https://registry.npmmirror.com/semver/-/semver-6.3.0.tgz#ee0a64c8af5e8ceea67687b133761e1becbd1d3d"
    integrity sha512-b39TBaTSfV6yBrapU89p5fKekE2m/NwnDocOVruQFS1/veMgdzuPcnOM34M6CwxW8jH/lxEa5rBoDeUwu5HHTw==
  
  shebang-command@^2.0.0:
    version "2.0.0"
    resolved "https://registry.npmmirror.com/shebang-command/-/shebang-command-2.0.0.tgz#ccd0af4f8835fbdc265b82461aaf0c36663f34ea"
    integrity sha512-kHxr2zZpYtdmrN1qDjrrX/Z1rR1kG8Dx+gkpK1G4eXmvXswmcE1hTWBWYUzlraYw1/yZp6YuDY77YtvbN0dmDA==
    dependencies:
      shebang-regex "^3.0.0"
  
  shebang-regex@^3.0.0:
    version "3.0.0"
    resolved "https://registry.npmmirror.com/shebang-regex/-/shebang-regex-3.0.0.tgz#ae16f1644d873ecad843b0307b143362d4c42172"
    integrity sha512-7++dFhtcx3353uBaq8DDR4NuxBetBzC7ZQOhmTQInHEd6bSrXdiEyzCvG07Z44UYdLShWUyXt5M/yhz8ekcb1A==
  
  shiki@^0.11.1:
    version "0.11.1"
    resolved "https://registry.npmmirror.com/shiki/-/shiki-0.11.1.tgz#df0f719e7ab592c484d8b73ec10e215a503ab8cc"
    integrity sha512-EugY9VASFuDqOexOgXR18ZV+TbFrQHeCpEYaXamO+SZlsnT/2LxuLBX25GGtIrwaEVFXUAbUQ601SWE2rMwWHA==
    dependencies:
      jsonc-parser "^3.0.0"
      vscode-oniguruma "^1.6.1"
      vscode-textmate "^6.0.0"
  
  signal-exit@^3.0.3:
    version "3.0.7"
    resolved "https://registry.npmmirror.com/signal-exit/-/signal-exit-3.0.7.tgz#a9a1767f8af84155114eaabd73f99273c8f59ad9"
    integrity sha512-wnD2ZE+l+SPC/uoS0vXeE9L1+0wuaMqKlfz9AMUo38JsyLSBWSFcHR1Rri62LZc12vLr1gb3jl7iwQhgwpAbGQ==
  
  sirv@^2.0.2:
    version "2.0.2"
    resolved "https://registry.npmmirror.com/sirv/-/sirv-2.0.2.tgz#128b9a628d77568139cff85703ad5497c46a4760"
    integrity sha512-4Qog6aE29nIjAOKe/wowFTxOdmbEZKb+3tsLljaBRzJwtqto0BChD2zzH0LhgCSXiI+V7X+Y45v14wBZQ1TK3w==
    dependencies:
      "@polka/url" "^1.0.0-next.20"
      mrmime "^1.0.0"
      totalist "^3.0.0"
  
  source-map-js@^1.0.1, source-map-js@^1.0.2:
    version "1.0.2"
    resolved "https://registry.npmmirror.com/source-map-js/-/source-map-js-1.0.2.tgz#adbc361d9c62df380125e7f161f71c826f1e490c"
    integrity sha512-R0XvVJ9WusLiqTCEiGCmICCMplcCkIwwR11mOSD9CR5u+IXYdiseeEuXCVAjS54zqwkLcPNnmU4OeJ6tUrWhDw==
  
  source-map@^0.6.1:
    version "0.6.1"
    resolved "https://registry.npmmirror.com/source-map/-/source-map-0.6.1.tgz#74722af32e9614e9c287a8d0bbde48b5e2f1a263"
    integrity sha512-UjgapumWlbMhkBgzT7Ykc5YXUT46F0iKu8SGXq0bcwP5dz/h0Plj6enJqjz1Zbq2l5WaqYnrVbwWOWMyF3F47g==
  
  sourcemap-codec@^1.4.8:
    version "1.4.8"
    resolved "https://registry.npmmirror.com/sourcemap-codec/-/sourcemap-codec-1.4.8.tgz#ea804bd94857402e6992d05a38ef1ae35a9ab4c4"
    integrity sha512-9NykojV5Uih4lgo5So5dtw+f0JgJX30KCNI8gwhz2J9A15wD0Ml6tjHKwf6fTSa6fAdVBdZeNOs9eJ71qCk8vA==
  
  strip-final-newline@^2.0.0:
    version "2.0.0"
    resolved "https://registry.npmmirror.com/strip-final-newline/-/strip-final-newline-2.0.0.tgz#89b852fb2fcbe936f6f4b3187afb0a12c1ab58ad"
    integrity sha512-BrpvfNAE3dcvq7ll3xVumzjKjZQ5tI1sEUIKr3Uoks0XUl45St3FlatVqef9prk4jRDzhW6WZg+3bk93y6pLjA==
  
  supports-color@^5.3.0:
    version "5.5.0"
    resolved "https://registry.npmmirror.com/supports-color/-/supports-color-5.5.0.tgz#e2e69a44ac8772f78a1ec0b35b689df6530efc8f"
    integrity sha512-QjVjwdXIt408MIiAqCX4oUKsgU2EqAGzs2Ppkm4aQYbjm+ZEWEcW4SfFNTr4uMNZma0ey4f5lgLrkB0aX0QMow==
    dependencies:
      has-flag "^3.0.0"
  
  supports-preserve-symlinks-flag@^1.0.0:
    version "1.0.0"
    resolved "https://registry.npmmirror.com/supports-preserve-symlinks-flag/-/supports-preserve-symlinks-flag-1.0.0.tgz#6eda4bd344a3c94aea376d4cc31bc77311039e09"
    integrity sha512-ot0WnXS9fgdkgIcePe6RHNk1WA8+muPa6cSjeR3V8K27q9BB1rTE3R1p7Hv0z1ZyAc8s6Vvv8DIyWf681MAt0w==
  
  svg-tags@^1.0.0:
    version "1.0.0"
    resolved "https://registry.npmmirror.com/svg-tags/-/svg-tags-1.0.0.tgz#58f71cee3bd519b59d4b2a843b6c7de64ac04764"
    integrity sha512-ovssysQTa+luh7A5Weu3Rta6FJlFBBbInjOh722LIt6klpU2/HtdUbszju/G4devcvk8PGt7FCLv5wftu3THUA==
  
  to-fast-properties@^2.0.0:
    version "2.0.0"
    resolved "https://registry.npmmirror.com/to-fast-properties/-/to-fast-properties-2.0.0.tgz#dc5e698cbd079265bc73e0377681a4e4e83f616e"
    integrity sha512-/OaKK0xYrs3DmxRYqL/yDc+FxFUVYhDlXMhRmv3z915w2HF1tnN1omB354j8VUGO/hbRzyD6Y3sA7v7GS/ceog==
  
  to-regex-range@^5.0.1:
    version "5.0.1"
    resolved "https://registry.npmmirror.com/to-regex-range/-/to-regex-range-5.0.1.tgz#1648c44aae7c8d988a326018ed72f5b4dd0392e4"
    integrity sha512-65P7iz6X5yEr1cwcgvQxbbIw7Uk3gOy5dIdtZ4rDveLqhrdJP+Li/Hx6tyK0NEb+2GCyneCMJiGqrADCSNk8sQ==
    dependencies:
      is-number "^7.0.0"
  
  totalist@^3.0.0:
    version "3.0.0"
    resolved "https://registry.npmmirror.com/totalist/-/totalist-3.0.0.tgz#4ef9c58c5f095255cdc3ff2a0a55091c57a3a1bd"
    integrity sha512-eM+pCBxXO/njtF7vdFsHuqb+ElbxqtI4r5EAvk6grfAFyJ6IvWlSkfZ5T9ozC6xWw3Fj1fGoSmrl0gUs46JVIw==
  
  ufo@^0.8.5:
    version "0.8.5"
    resolved "https://registry.npmmirror.com/ufo/-/ufo-0.8.5.tgz#e367b4205ece9d9723f2fa54f887d43ed1bce5d0"
    integrity sha512-e4+UtA5IRO+ha6hYklwj6r7BjiGMxS0O+UaSg9HbaTefg4kMkzj4tXzEBajRR+wkxf+golgAWKzLbytCUDMJAA==
  
  unconfig@^0.3.5:
    version "0.3.6"
    resolved "https://registry.npmmirror.com/unconfig/-/unconfig-0.3.6.tgz#49dcb72d2e8ae9975c843d54c21d669d294cf2c4"
    integrity sha512-JWefWyjLrDAbzs30sFkzcE9YpvAhN9+UPMZBwnNUmaY9X7QhI+wCGP4hoEWfZDzvkP+WIaZDPcMUJjarpxFvKg==
    dependencies:
      "@antfu/utils" "^0.5.2"
      defu "^6.1.0"
      jiti "^1.14.0"
  
  undici@^5.10.0:
    version "5.10.0"
    resolved "https://registry.npmmirror.com/undici/-/undici-5.10.0.tgz#dd9391087a90ccfbd007568db458674232ebf014"
    integrity sha512-c8HsD3IbwmjjbLvoZuRI26TZic+TSEe8FPMLLOkN1AfYRhdjnKBU6yL+IwcSCbdZiX4e5t0lfMDLDCqj4Sq70g==
  
  unocss@0.45.6:
    version "0.45.6"
    resolved "https://registry.npmmirror.com/unocss/-/unocss-0.45.6.tgz#5c6c158611ab74db168721bbade41afb5ae56911"
    integrity sha512-ipU1kB2nbNvfh2O6u7qJ/zBwXvl/sRNlc+/dDWRCKu2feMnyR9g/4Vnw024RS8X+Jr7NN4eiGSzqMLoPoT6XOA==
    dependencies:
      "@unocss/cli" "0.45.6"
      "@unocss/core" "0.45.6"
      "@unocss/preset-attributify" "0.45.6"
      "@unocss/preset-icons" "0.45.6"
      "@unocss/preset-mini" "0.45.6"
      "@unocss/preset-tagify" "0.45.6"
      "@unocss/preset-typography" "0.45.6"
      "@unocss/preset-uno" "0.45.6"
      "@unocss/preset-web-fonts" "0.45.6"
      "@unocss/preset-wind" "0.45.6"
      "@unocss/reset" "0.45.6"
      "@unocss/transformer-attributify-jsx" "0.45.6"
      "@unocss/transformer-compile-class" "0.45.6"
      "@unocss/transformer-directives" "0.45.6"
      "@unocss/transformer-variant-group" "0.45.6"
      "@unocss/vite" "0.45.6"
  
  update-browserslist-db@^1.0.9:
    version "1.0.9"
    resolved "https://registry.npmmirror.com/update-browserslist-db/-/update-browserslist-db-1.0.9.tgz#2924d3927367a38d5c555413a7ce138fc95fcb18"
    integrity sha512-/xsqn21EGVdXI3EXSum1Yckj3ZVZugqyOZQ/CxYPBD/R+ko9NSUScf8tFF4dOKY+2pvSSJA/S+5B8s4Zr4kyvg==
    dependencies:
      escalade "^3.1.1"
      picocolors "^1.0.0"
  
  vite@^3.0.7, vite@^3.1.0:
    version "3.1.3"
    resolved "https://registry.npmmirror.com/vite/-/vite-3.1.3.tgz#b2a0821c11aae124bb7618f8036913c689afcc59"
    integrity sha512-/3XWiktaopByM5bd8dqvHxRt5EEgRikevnnrpND0gRfNkrMrPaGGexhtLCzv15RcCMtV2CLw+BPas8YFeSG0KA==
    dependencies:
      esbuild "^0.15.6"
      postcss "^8.4.16"
      resolve "^1.22.1"
      rollup "~2.78.0"
    optionalDependencies:
      fsevents "~2.3.2"
  
  vitepress@^1.0.0-alpha.15:
    version "1.0.0-alpha.15"
    resolved "https://registry.npmmirror.com/vitepress/-/vitepress-1.0.0-alpha.15.tgz#26ff8a8b5bae298ac6e47e5fec20d873a3a5960a"
    integrity sha512-+pHJQCpnv0wVgLRyonisrj7Y77PVhbns2nTLxV9GkH3T+RTY/W2JmRatzBg5WciMaPyO8Ms6F3YElO5PULVv3w==
    dependencies:
      "@docsearch/css" "^3.2.1"
      "@docsearch/js" "^3.2.1"
      "@vitejs/plugin-vue" "^3.1.0"
      "@vue/devtools-api" "^6.2.1"
      "@vueuse/core" "^9.1.1"
      body-scroll-lock "^4.0.0-beta.0"
      nprogress "^0.2.0"
      shiki "^0.11.1"
      vite "^3.1.0"
      vue "^3.2.38"
  
  vscode-oniguruma@^1.6.1:
    version "1.6.2"
    resolved "https://registry.npmmirror.com/vscode-oniguruma/-/vscode-oniguruma-1.6.2.tgz#aeb9771a2f1dbfc9083c8a7fdd9cccaa3f386607"
    integrity sha512-KH8+KKov5eS/9WhofZR8M8dMHWN2gTxjMsG4jd04YhpbPR91fUj7rYQ2/XjeHCJWbg7X++ApRIU9NUwM2vTvLA==
  
  vscode-textmate@^6.0.0:
    version "6.0.0"
    resolved "https://registry.npmmirror.com/vscode-textmate/-/vscode-textmate-6.0.0.tgz#a3777197235036814ac9a92451492f2748589210"
    integrity sha512-gu73tuZfJgu+mvCSy4UZwd2JXykjK9zAZsfmDeut5dx/1a7FeTk0XwJsSuqQn+cuMCGVbIBfl+s53X4T19DnzQ==
  
  vue-demi@*:
    version "0.13.11"
    resolved "https://registry.npmmirror.com/vue-demi/-/vue-demi-0.13.11.tgz#7d90369bdae8974d87b1973564ad390182410d99"
    integrity sha512-IR8HoEEGM65YY3ZJYAjMlKygDQn25D5ajNFNoKh9RSDMQtlzCxtfQjdQgv9jjK+m3377SsJXY8ysq8kLCZL25A==
  
  vue@3.2.37:
    version "3.2.37"
    resolved "https://registry.npmmirror.com/vue/-/vue-3.2.37.tgz#da220ccb618d78579d25b06c7c21498ca4e5452e"
    integrity sha512-bOKEZxrm8Eh+fveCqS1/NkG/n6aMidsI6hahas7pa0w/l7jkbssJVsRhVDs07IdDq7h9KHswZOgItnwJAgtVtQ==
    dependencies:
      "@vue/compiler-dom" "3.2.37"
      "@vue/compiler-sfc" "3.2.37"
      "@vue/runtime-dom" "3.2.37"
      "@vue/server-renderer" "3.2.37"
      "@vue/shared" "3.2.37"
  
  vue@^3.2.38:
    version "3.2.39"
    resolved "https://registry.npmmirror.com/vue/-/vue-3.2.39.tgz#de071c56c4c32c41cbd54e55f11404295c0dd62d"
    integrity sha512-tRkguhRTw9NmIPXhzk21YFBqXHT2t+6C6wPOgQ50fcFVWnPdetmRqbmySRHznrYjX2E47u0cGlKGcxKZJ38R/g==
    dependencies:
      "@vue/compiler-dom" "3.2.39"
      "@vue/compiler-sfc" "3.2.39"
      "@vue/runtime-dom" "3.2.39"
      "@vue/server-renderer" "3.2.39"
      "@vue/shared" "3.2.39"
  
  which@^2.0.1:
    version "2.0.2"
    resolved "https://registry.npmmirror.com/which/-/which-2.0.2.tgz#7c6a8dd0a636a0327e10b59c9286eee93f3f51b1"
    integrity sha512-BLI3Tl1TW3Pvl70l3yq3Y64i+awpwXqsGBYWkkqMtnbXgrMD+yj7rhW0kuEDxzJaYXGjEW5ogapKNMEKNMjibA==
    dependencies:
      isexe "^2.0.0"
  
  yocto-queue@^0.1.0:
    version "0.1.0"
    resolved "https://registry.npmmirror.com/yocto-queue/-/yocto-queue-0.1.0.tgz#0294eb3dee05028d31ee1a5fa2c556a6aaf10a1b"
    integrity sha512-rVksvsnNCdJ/ohGc6xgPwyN8eheCxsiLM8mxuE/t/mOVqJewPuO1miLpTHQiRgTKCLexL4MeAFVagts7HmNZ2Q==
